{"C:\\Users\\1531n\\BOG005-burger-queen-api-client\\burger-queen\\src\\App.jsx": {"path":"C:\\Users\\1531n\\BOG005-burger-queen-api-client\\burger-queen\\src\\App.jsx","statementMap":{"0":{"start":{"line":19,"column":2},"end":{"line":58,"column":4}}},"fnMap":{"0":{"name":"App","decl":{"start":{"line":17,"column":9},"end":{"line":17,"column":12}},"loc":{"start":{"line":17,"column":15},"end":{"line":59,"column":1}},"line":17}},"branchMap":{},"s":{"0":0},"f":{"0":0},"b":{}}
,"C:\\Users\\1531n\\BOG005-burger-queen-api-client\\burger-queen\\src\\main.jsx": {"path":"C:\\Users\\1531n\\BOG005-burger-queen-api-client\\burger-queen\\src\\main.jsx","statementMap":{"0":{"start":{"line":5,"column":0},"end":{"line":9,"column":1}}},"fnMap":{},"branchMap":{},"s":{"0":0},"f":{},"b":{}}
,"C:\\Users\\1531n\\BOG005-burger-queen-api-client\\burger-queen\\src\\Modals\\ModalPortal.jsx": {"path":"C:\\Users\\1531n\\BOG005-burger-queen-api-client\\burger-queen\\src\\Modals\\ModalPortal.jsx","statementMap":{"0":{"start":{"line":6,"column":27},"end":{"line":19,"column":1}},"1":{"start":{"line":8,"column":38},"end":{"line":8,"column":64}},"2":{"start":{"line":8,"column":45},"end":{"line":8,"column":64}},"3":{"start":{"line":10,"column":4},"end":{"line":18,"column":5}}},"fnMap":{"0":{"name":"(anonymous_0)","decl":{"start":{"line":6,"column":27},"end":{"line":6,"column":28}},"loc":{"start":{"line":6,"column":63},"end":{"line":19,"column":1}},"line":6},"1":{"name":"(anonymous_1)","decl":{"start":{"line":8,"column":38},"end":{"line":8,"column":39}},"loc":{"start":{"line":8,"column":45},"end":{"line":8,"column":64}},"line":8}},"branchMap":{"0":{"loc":{"start":{"line":11,"column":37},"end":{"line":11,"column":56}},"type":"binary-expr","locations":[{"start":{"line":11,"column":37},"end":{"line":11,"column":43}},{"start":{"line":11,"column":47},"end":{"line":11,"column":56}}],"line":11}},"s":{"0":1,"1":4,"2":0,"3":4},"f":{"0":4,"1":0},"b":{"0":[4,0]},"_coverageSchema":"1a1c01bbd47fc00a2c39e90264f33305004495a9","hash":"3e0523897a143256bc97b79ef93b2b4a543f53f1"}
,"C:\\Users\\1531n\\BOG005-burger-queen-api-client\\burger-queen\\src\\Modals\\Modals.jsx": {"path":"C:\\Users\\1531n\\BOG005-burger-queen-api-client\\burger-queen\\src\\Modals\\Modals.jsx","statementMap":{"0":{"start":{"line":3,"column":22},"end":{"line":16,"column":1}},"1":{"start":{"line":5,"column":4},"end":{"line":15,"column":5}}},"fnMap":{"0":{"name":"(anonymous_0)","decl":{"start":{"line":3,"column":22},"end":{"line":3,"column":23}},"loc":{"start":{"line":3,"column":79},"end":{"line":16,"column":1}},"line":3}},"branchMap":{},"s":{"0":1,"1":2},"f":{"0":2},"b":{},"_coverageSchema":"1a1c01bbd47fc00a2c39e90264f33305004495a9","hash":"6c512617a26cf8fe99683e6435ac8ee7ec76675d"}
,"C:\\Users\\1531n\\BOG005-burger-queen-api-client\\burger-queen\\src\\Modals\\useModal.jsx": {"path":"C:\\Users\\1531n\\BOG005-burger-queen-api-client\\burger-queen\\src\\Modals\\useModal.jsx","statementMap":{"0":{"start":{"line":3,"column":24},"end":{"line":13,"column":1}},"1":{"start":{"line":5,"column":29},"end":{"line":5,"column":51}},"2":{"start":{"line":7,"column":18},"end":{"line":7,"column":39}},"3":{"start":{"line":7,"column":24},"end":{"line":7,"column":39}},"4":{"start":{"line":9,"column":19},"end":{"line":9,"column":41}},"5":{"start":{"line":9,"column":25},"end":{"line":9,"column":41}},"6":{"start":{"line":11,"column":0},"end":{"line":11,"column":38}}},"fnMap":{"0":{"name":"(anonymous_0)","decl":{"start":{"line":3,"column":24},"end":{"line":3,"column":25}},"loc":{"start":{"line":3,"column":50},"end":{"line":13,"column":1}},"line":3},"1":{"name":"(anonymous_1)","decl":{"start":{"line":7,"column":18},"end":{"line":7,"column":19}},"loc":{"start":{"line":7,"column":24},"end":{"line":7,"column":39}},"line":7},"2":{"name":"(anonymous_2)","decl":{"start":{"line":9,"column":19},"end":{"line":9,"column":20}},"loc":{"start":{"line":9,"column":25},"end":{"line":9,"column":41}},"line":9}},"branchMap":{"0":{"loc":{"start":{"line":3,"column":25},"end":{"line":3,"column":45}},"type":"default-arg","locations":[{"start":{"line":3,"column":40},"end":{"line":3,"column":45}}],"line":3}},"s":{"0":0,"1":0,"2":0,"3":0,"4":0,"5":0,"6":0},"f":{"0":0,"1":0,"2":0},"b":{"0":[0]}}
,"C:\\Users\\1531n\\BOG005-burger-queen-api-client\\burger-queen\\src\\Modals\\ModalMenu\\ModalMenu.jsx": {"path":"C:\\Users\\1531n\\BOG005-burger-queen-api-client\\burger-queen\\src\\Modals\\ModalMenu\\ModalMenu.jsx","statementMap":{"0":{"start":{"line":4,"column":25},"end":{"line":16,"column":1}},"1":{"start":{"line":6,"column":38},"end":{"line":6,"column":64}},"2":{"start":{"line":6,"column":45},"end":{"line":6,"column":64}},"3":{"start":{"line":8,"column":4},"end":{"line":15,"column":5}}},"fnMap":{"0":{"name":"(anonymous_0)","decl":{"start":{"line":4,"column":25},"end":{"line":4,"column":26}},"loc":{"start":{"line":4,"column":61},"end":{"line":16,"column":1}},"line":4},"1":{"name":"(anonymous_1)","decl":{"start":{"line":6,"column":38},"end":{"line":6,"column":39}},"loc":{"start":{"line":6,"column":45},"end":{"line":6,"column":64}},"line":6}},"branchMap":{"0":{"loc":{"start":{"line":9,"column":41},"end":{"line":9,"column":60}},"type":"binary-expr","locations":[{"start":{"line":9,"column":41},"end":{"line":9,"column":47}},{"start":{"line":9,"column":51},"end":{"line":9,"column":60}}],"line":9}},"s":{"0":0,"1":0,"2":0,"3":0},"f":{"0":0,"1":0},"b":{"0":[0,0]}}
,"C:\\Users\\1531n\\BOG005-burger-queen-api-client\\burger-queen\\src\\Modals\\ModalMenu\\ModalsMenu.jsx": {"path":"C:\\Users\\1531n\\BOG005-burger-queen-api-client\\burger-queen\\src\\Modals\\ModalMenu\\ModalsMenu.jsx","statementMap":{"0":{"start":{"line":3,"column":26},"end":{"line":16,"column":1}},"1":{"start":{"line":5,"column":4},"end":{"line":15,"column":5}}},"fnMap":{"0":{"name":"(anonymous_0)","decl":{"start":{"line":3,"column":26},"end":{"line":3,"column":27}},"loc":{"start":{"line":3,"column":84},"end":{"line":16,"column":1}},"line":3}},"branchMap":{},"s":{"0":0,"1":0},"f":{"0":0},"b":{}}
,"C:\\Users\\1531n\\BOG005-burger-queen-api-client\\burger-queen\\src\\components\\DynamicTable\\Table.jsx": {"path":"C:\\Users\\1531n\\BOG005-burger-queen-api-client\\burger-queen\\src\\components\\DynamicTable\\Table.jsx","statementMap":{"0":{"start":{"line":6,"column":21},"end":{"line":16,"column":1}},"1":{"start":{"line":8,"column":40},"end":{"line":8,"column":45}},"2":{"start":{"line":10,"column":4},"end":{"line":15,"column":5}}},"fnMap":{"0":{"name":"(anonymous_0)","decl":{"start":{"line":6,"column":21},"end":{"line":6,"column":22}},"loc":{"start":{"line":6,"column":32},"end":{"line":16,"column":1}},"line":6}},"branchMap":{},"s":{"0":0,"1":0,"2":0},"f":{"0":0},"b":{}}
,"C:\\Users\\1531n\\BOG005-burger-queen-api-client\\burger-queen\\src\\components\\DynamicTable\\TableBody.jsx": {"path":"C:\\Users\\1531n\\BOG005-burger-queen-api-client\\burger-queen\\src\\components\\DynamicTable\\TableBody.jsx","statementMap":{"0":{"start":{"line":1,"column":25},"end":{"line":25,"column":1}},"1":{"start":{"line":2,"column":28},"end":{"line":2,"column":33}},"2":{"start":{"line":4,"column":2},"end":{"line":24,"column":4}},"3":{"start":{"line":7,"column":8},"end":{"line":21,"column":10}},"4":{"start":{"line":10,"column":14},"end":{"line":12,"column":15}},"5":{"start":{"line":11,"column":16},"end":{"line":11,"column":56}},"6":{"start":{"line":14,"column":14},"end":{"line":18,"column":16}}},"fnMap":{"0":{"name":"(anonymous_0)","decl":{"start":{"line":1,"column":25},"end":{"line":1,"column":26}},"loc":{"start":{"line":1,"column":36},"end":{"line":25,"column":1}},"line":1},"1":{"name":"(anonymous_1)","decl":{"start":{"line":6,"column":16},"end":{"line":6,"column":17}},"loc":{"start":{"line":6,"column":32},"end":{"line":22,"column":7}},"line":6},"2":{"name":"(anonymous_2)","decl":{"start":{"line":9,"column":25},"end":{"line":9,"column":26}},"loc":{"start":{"line":9,"column":46},"end":{"line":19,"column":13}},"line":9}},"branchMap":{"0":{"loc":{"start":{"line":10,"column":14},"end":{"line":12,"column":15}},"type":"if","locations":[{"start":{"line":10,"column":14},"end":{"line":12,"column":15}},{"start":{},"end":{}}],"line":10}},"s":{"0":0,"1":0,"2":0,"3":0,"4":0,"5":0,"6":0},"f":{"0":0,"1":0,"2":0},"b":{"0":[0,0]}}
,"C:\\Users\\1531n\\BOG005-burger-queen-api-client\\burger-queen\\src\\components\\DynamicTable\\TableColumnOption.jsx": {"path":"C:\\Users\\1531n\\BOG005-burger-queen-api-client\\burger-queen\\src\\components\\DynamicTable\\TableColumnOption.jsx","statementMap":{"0":{"start":{"line":9,"column":33},"end":{"line":69,"column":1}},"1":{"start":{"line":11,"column":34},"end":{"line":11,"column":49}},"2":{"start":{"line":12,"column":52},"end":{"line":12,"column":67}},"3":{"start":{"line":13,"column":21},"end":{"line":13,"column":34}},"4":{"start":{"line":15,"column":30},"end":{"line":15,"column":57}},"5":{"start":{"line":17,"column":31},"end":{"line":19,"column":5}},"6":{"start":{"line":18,"column":8},"end":{"line":18,"column":35}},"7":{"start":{"line":22,"column":4},"end":{"line":25,"column":11}},"8":{"start":{"line":23,"column":8},"end":{"line":23,"column":62}},"9":{"start":{"line":24,"column":8},"end":{"line":24,"column":78}},"10":{"start":{"line":24,"column":21},"end":{"line":24,"column":77}},"11":{"start":{"line":28,"column":31},"end":{"line":28,"column":71}},"12":{"start":{"line":28,"column":37},"end":{"line":28,"column":71}},"13":{"start":{"line":31,"column":28},"end":{"line":34,"column":5}},"14":{"start":{"line":32,"column":8},"end":{"line":32,"column":28}},"15":{"start":{"line":33,"column":8},"end":{"line":33,"column":14}},"16":{"start":{"line":36,"column":4},"end":{"line":68,"column":5}}},"fnMap":{"0":{"name":"(anonymous_0)","decl":{"start":{"line":9,"column":33},"end":{"line":9,"column":34}},"loc":{"start":{"line":9,"column":69},"end":{"line":69,"column":1}},"line":9},"1":{"name":"(anonymous_1)","decl":{"start":{"line":17,"column":31},"end":{"line":17,"column":32}},"loc":{"start":{"line":17,"column":37},"end":{"line":19,"column":5}},"line":17},"2":{"name":"(anonymous_2)","decl":{"start":{"line":22,"column":14},"end":{"line":22,"column":15}},"loc":{"start":{"line":22,"column":20},"end":{"line":25,"column":5}},"line":22},"3":{"name":"(anonymous_3)","decl":{"start":{"line":24,"column":15},"end":{"line":24,"column":16}},"loc":{"start":{"line":24,"column":21},"end":{"line":24,"column":77}},"line":24},"4":{"name":"(anonymous_4)","decl":{"start":{"line":28,"column":31},"end":{"line":28,"column":32}},"loc":{"start":{"line":28,"column":37},"end":{"line":28,"column":71}},"line":28},"5":{"name":"(anonymous_5)","decl":{"start":{"line":31,"column":28},"end":{"line":31,"column":29}},"loc":{"start":{"line":31,"column":34},"end":{"line":34,"column":5}},"line":31}},"branchMap":{"0":{"loc":{"start":{"line":40,"column":20},"end":{"line":51,"column":92}},"type":"cond-expr","locations":[{"start":{"line":42,"column":24},"end":{"line":49,"column":26}},{"start":{"line":50,"column":26},"end":{"line":51,"column":92}}],"line":40}},"s":{"0":0,"1":0,"2":0,"3":0,"4":0,"5":0,"6":0,"7":0,"8":0,"9":0,"10":0,"11":0,"12":0,"13":0,"14":0,"15":0,"16":0},"f":{"0":0,"1":0,"2":0,"3":0,"4":0,"5":0},"b":{"0":[0,0]}}
,"C:\\Users\\1531n\\BOG005-burger-queen-api-client\\burger-queen\\src\\components\\DynamicTable\\TableHeader.jsx": {"path":"C:\\Users\\1531n\\BOG005-burger-queen-api-client\\burger-queen\\src\\components\\DynamicTable\\TableHeader.jsx","statementMap":{"0":{"start":{"line":1,"column":27},"end":{"line":16,"column":1}},"1":{"start":{"line":3,"column":25},"end":{"line":3,"column":30}},"2":{"start":{"line":5,"column":2},"end":{"line":15,"column":4}},"3":{"start":{"line":10,"column":12},"end":{"line":10,"column":75}}},"fnMap":{"0":{"name":"(anonymous_0)","decl":{"start":{"line":1,"column":27},"end":{"line":1,"column":28}},"loc":{"start":{"line":1,"column":38},"end":{"line":16,"column":1}},"line":1},"1":{"name":"(anonymous_1)","decl":{"start":{"line":9,"column":25},"end":{"line":9,"column":26}},"loc":{"start":{"line":9,"column":40},"end":{"line":11,"column":11}},"line":9}},"branchMap":{},"s":{"0":0,"1":0,"2":0,"3":0},"f":{"0":0,"1":0},"b":{}}
,"C:\\Users\\1531n\\BOG005-burger-queen-api-client\\burger-queen\\src\\components\\Header\\Header.jsx": {"path":"C:\\Users\\1531n\\BOG005-burger-queen-api-client\\burger-queen\\src\\components\\Header\\Header.jsx","statementMap":{"0":{"start":{"line":11,"column":22},"end":{"line":38,"column":1}},"1":{"start":{"line":13,"column":34},"end":{"line":13,"column":49}},"2":{"start":{"line":14,"column":21},"end":{"line":14,"column":65}},"3":{"start":{"line":15,"column":22},"end":{"line":15,"column":35}},"4":{"start":{"line":17,"column":4},"end":{"line":37,"column":5}}},"fnMap":{"0":{"name":"(anonymous_0)","decl":{"start":{"line":11,"column":22},"end":{"line":11,"column":23}},"loc":{"start":{"line":11,"column":28},"end":{"line":38,"column":1}},"line":11}},"branchMap":{"0":{"loc":{"start":{"line":29,"column":16},"end":{"line":29,"column":114}},"type":"cond-expr","locations":[{"start":{"line":29,"column":45},"end":{"line":29,"column":47}},{"start":{"line":29,"column":50},"end":{"line":29,"column":114}}],"line":29},"1":{"loc":{"start":{"line":29,"column":50},"end":{"line":29,"column":114}},"type":"cond-expr","locations":[{"start":{"line":29,"column":89},"end":{"line":29,"column":109}},{"start":{"line":29,"column":112},"end":{"line":29,"column":114}}],"line":29}},"s":{"0":0,"1":0,"2":0,"3":0,"4":0},"f":{"0":0},"b":{"0":[0,0],"1":[0,0]}}
,"C:\\Users\\1531n\\BOG005-burger-queen-api-client\\burger-queen\\src\\components\\Login\\LoginForm.jsx": {"path":"C:\\Users\\1531n\\BOG005-burger-queen-api-client\\burger-queen\\src\\components\\Login\\LoginForm.jsx","statementMap":{"0":{"start":{"line":5,"column":25},"end":{"line":74,"column":1}},"1":{"start":{"line":6,"column":28},"end":{"line":6,"column":40}},"2":{"start":{"line":7,"column":34},"end":{"line":7,"column":46}},"3":{"start":{"line":10,"column":19},"end":{"line":10,"column":32}},"4":{"start":{"line":13,"column":4},"end":{"line":13,"column":27}},"5":{"start":{"line":15,"column":17},"end":{"line":18,"column":5}},"6":{"start":{"line":20,"column":22},"end":{"line":20,"column":58}},"7":{"start":{"line":21,"column":4},"end":{"line":37,"column":5}},"8":{"start":{"line":22,"column":20},"end":{"line":22,"column":41}},"9":{"start":{"line":23,"column":6},"end":{"line":23,"column":78}},"10":{"start":{"line":24,"column":6},"end":{"line":24,"column":55}},"11":{"start":{"line":25,"column":6},"end":{"line":25,"column":54}},"12":{"start":{"line":27,"column":23},"end":{"line":27,"column":67}},"13":{"start":{"line":28,"column":6},"end":{"line":34,"column":7}},"14":{"start":{"line":29,"column":8},"end":{"line":29,"column":30}},"15":{"start":{"line":30,"column":13},"end":{"line":34,"column":7}},"16":{"start":{"line":31,"column":8},"end":{"line":31,"column":34}},"17":{"start":{"line":33,"column":8},"end":{"line":33,"column":33}},"18":{"start":{"line":36,"column":6},"end":{"line":36,"column":57}},"19":{"start":{"line":40,"column":28},"end":{"line":42,"column":3}},"20":{"start":{"line":41,"column":4},"end":{"line":41,"column":33}},"21":{"start":{"line":44,"column":31},"end":{"line":46,"column":3}},"22":{"start":{"line":45,"column":4},"end":{"line":45,"column":36}},"23":{"start":{"line":48,"column":2},"end":{"line":73,"column":4}}},"fnMap":{"0":{"name":"(anonymous_0)","decl":{"start":{"line":5,"column":25},"end":{"line":5,"column":26}},"loc":{"start":{"line":5,"column":31},"end":{"line":74,"column":1}},"line":5},"1":{"name":"handleSubmit","decl":{"start":{"line":12,"column":17},"end":{"line":12,"column":29}},"loc":{"start":{"line":12,"column":37},"end":{"line":38,"column":3}},"line":12},"2":{"name":"(anonymous_2)","decl":{"start":{"line":40,"column":28},"end":{"line":40,"column":29}},"loc":{"start":{"line":40,"column":39},"end":{"line":42,"column":3}},"line":40},"3":{"name":"(anonymous_3)","decl":{"start":{"line":44,"column":31},"end":{"line":44,"column":32}},"loc":{"start":{"line":44,"column":42},"end":{"line":46,"column":3}},"line":44}},"branchMap":{"0":{"loc":{"start":{"line":21,"column":4},"end":{"line":37,"column":5}},"type":"if","locations":[{"start":{"line":21,"column":4},"end":{"line":37,"column":5}},{"start":{"line":35,"column":11},"end":{"line":37,"column":5}}],"line":21},"1":{"loc":{"start":{"line":28,"column":6},"end":{"line":34,"column":7}},"type":"if","locations":[{"start":{"line":28,"column":6},"end":{"line":34,"column":7}},{"start":{"line":30,"column":13},"end":{"line":34,"column":7}}],"line":28},"2":{"loc":{"start":{"line":30,"column":13},"end":{"line":34,"column":7}},"type":"if","locations":[{"start":{"line":30,"column":13},"end":{"line":34,"column":7}},{"start":{"line":32,"column":13},"end":{"line":34,"column":7}}],"line":30}},"s":{"0":0,"1":0,"2":0,"3":0,"4":0,"5":0,"6":0,"7":0,"8":0,"9":0,"10":0,"11":0,"12":0,"13":0,"14":0,"15":0,"16":0,"17":0,"18":0,"19":0,"20":0,"21":0,"22":0,"23":0},"f":{"0":0,"1":0,"2":0,"3":0},"b":{"0":[0,0],"1":[0,0],"2":[0,0]}}
,"C:\\Users\\1531n\\BOG005-burger-queen-api-client\\burger-queen\\src\\components\\Orders\\FormOrder\\FormOrder.jsx": {"path":"C:\\Users\\1531n\\BOG005-burger-queen-api-client\\burger-queen\\src\\components\\Orders\\FormOrder\\FormOrder.jsx","statementMap":{"0":{"start":{"line":6,"column":25},"end":{"line":53,"column":1}},"1":{"start":{"line":8,"column":59},"end":{"line":8,"column":76}},"2":{"start":{"line":9,"column":32},"end":{"line":9,"column":44}},"3":{"start":{"line":11,"column":25},"end":{"line":13,"column":5}},"4":{"start":{"line":12,"column":8},"end":{"line":12,"column":33}},"5":{"start":{"line":15,"column":22},"end":{"line":22,"column":5}},"6":{"start":{"line":24,"column":22},"end":{"line":26,"column":5}},"7":{"start":{"line":25,"column":8},"end":{"line":25,"column":36}},"8":{"start":{"line":28,"column":23},"end":{"line":31,"column":5}},"9":{"start":{"line":29,"column":8},"end":{"line":29,"column":21}},"10":{"start":{"line":30,"column":8},"end":{"line":30,"column":28}},"11":{"start":{"line":33,"column":4},"end":{"line":52,"column":5}}},"fnMap":{"0":{"name":"(anonymous_0)","decl":{"start":{"line":6,"column":25},"end":{"line":6,"column":26}},"loc":{"start":{"line":6,"column":30},"end":{"line":53,"column":1}},"line":6},"1":{"name":"(anonymous_1)","decl":{"start":{"line":11,"column":25},"end":{"line":11,"column":26}},"loc":{"start":{"line":11,"column":32},"end":{"line":13,"column":5}},"line":11},"2":{"name":"(anonymous_2)","decl":{"start":{"line":24,"column":22},"end":{"line":24,"column":23}},"loc":{"start":{"line":24,"column":35},"end":{"line":26,"column":5}},"line":24},"3":{"name":"(anonymous_3)","decl":{"start":{"line":28,"column":23},"end":{"line":28,"column":24}},"loc":{"start":{"line":28,"column":29},"end":{"line":31,"column":5}},"line":28}},"branchMap":{},"s":{"0":0,"1":0,"2":0,"3":0,"4":0,"5":0,"6":0,"7":0,"8":0,"9":0,"10":0,"11":0},"f":{"0":0,"1":0,"2":0,"3":0},"b":{}}
,"C:\\Users\\1531n\\BOG005-burger-queen-api-client\\burger-queen\\src\\components\\Orders\\StatusOrder\\StatusOrder.jsx": {"path":"C:\\Users\\1531n\\BOG005-burger-queen-api-client\\burger-queen\\src\\components\\Orders\\StatusOrder\\StatusOrder.jsx","statementMap":{"0":{"start":{"line":4,"column":27},"end":{"line":61,"column":1}},"1":{"start":{"line":6,"column":21},"end":{"line":6,"column":65}},"2":{"start":{"line":7,"column":34},"end":{"line":7,"column":48}},"3":{"start":{"line":8,"column":36},"end":{"line":8,"column":57}},"4":{"start":{"line":10,"column":26},"end":{"line":19,"column":5}},"5":{"start":{"line":11,"column":21},"end":{"line":11,"column":23}},"6":{"start":{"line":12,"column":21},"end":{"line":12,"column":86}},"7":{"start":{"line":13,"column":30},"end":{"line":13,"column":79}},"8":{"start":{"line":14,"column":8},"end":{"line":16,"column":9}},"9":{"start":{"line":14,"column":20},"end":{"line":14,"column":21}},"10":{"start":{"line":15,"column":12},"end":{"line":15,"column":84}},"11":{"start":{"line":17,"column":24},"end":{"line":17,"column":62}},"12":{"start":{"line":18,"column":8},"end":{"line":18,"column":22}},"13":{"start":{"line":21,"column":25},"end":{"line":48,"column":5}},"14":{"start":{"line":22,"column":8},"end":{"line":22,"column":29}},"15":{"start":{"line":24,"column":8},"end":{"line":47,"column":9}},"16":{"start":{"line":26,"column":12},"end":{"line":37,"column":13}},"17":{"start":{"line":29,"column":16},"end":{"line":33,"column":17}},"18":{"start":{"line":35,"column":18},"end":{"line":37,"column":13}},"19":{"start":{"line":36,"column":16},"end":{"line":36,"column":76}},"20":{"start":{"line":39,"column":14},"end":{"line":47,"column":9}},"21":{"start":{"line":41,"column":12},"end":{"line":46,"column":13}},"22":{"start":{"line":42,"column":16},"end":{"line":42,"column":78}},"23":{"start":{"line":44,"column":18},"end":{"line":46,"column":13}},"24":{"start":{"line":45,"column":16},"end":{"line":45,"column":74}},"25":{"start":{"line":50,"column":4},"end":{"line":60,"column":5}}},"fnMap":{"0":{"name":"(anonymous_0)","decl":{"start":{"line":4,"column":27},"end":{"line":4,"column":28}},"loc":{"start":{"line":4,"column":42},"end":{"line":61,"column":1}},"line":4},"1":{"name":"(anonymous_1)","decl":{"start":{"line":10,"column":26},"end":{"line":10,"column":27}},"loc":{"start":{"line":10,"column":32},"end":{"line":19,"column":5}},"line":10},"2":{"name":"(anonymous_2)","decl":{"start":{"line":21,"column":25},"end":{"line":21,"column":26}},"loc":{"start":{"line":21,"column":37},"end":{"line":48,"column":5}},"line":21}},"branchMap":{"0":{"loc":{"start":{"line":24,"column":8},"end":{"line":47,"column":9}},"type":"if","locations":[{"start":{"line":24,"column":8},"end":{"line":47,"column":9}},{"start":{"line":39,"column":14},"end":{"line":47,"column":9}}],"line":24},"1":{"loc":{"start":{"line":24,"column":11},"end":{"line":24,"column":62}},"type":"binary-expr","locations":[{"start":{"line":24,"column":11},"end":{"line":24,"column":42}},{"start":{"line":24,"column":46},"end":{"line":24,"column":62}}],"line":24},"2":{"loc":{"start":{"line":26,"column":12},"end":{"line":37,"column":13}},"type":"if","locations":[{"start":{"line":26,"column":12},"end":{"line":37,"column":13}},{"start":{"line":35,"column":18},"end":{"line":37,"column":13}}],"line":26},"3":{"loc":{"start":{"line":35,"column":18},"end":{"line":37,"column":13}},"type":"if","locations":[{"start":{"line":35,"column":18},"end":{"line":37,"column":13}},{"start":{},"end":{}}],"line":35},"4":{"loc":{"start":{"line":39,"column":14},"end":{"line":47,"column":9}},"type":"if","locations":[{"start":{"line":39,"column":14},"end":{"line":47,"column":9}},{"start":{},"end":{}}],"line":39},"5":{"loc":{"start":{"line":39,"column":17},"end":{"line":39,"column":63}},"type":"binary-expr","locations":[{"start":{"line":39,"column":17},"end":{"line":39,"column":43}},{"start":{"line":39,"column":47},"end":{"line":39,"column":63}}],"line":39},"6":{"loc":{"start":{"line":41,"column":12},"end":{"line":46,"column":13}},"type":"if","locations":[{"start":{"line":41,"column":12},"end":{"line":46,"column":13}},{"start":{"line":44,"column":18},"end":{"line":46,"column":13}}],"line":41},"7":{"loc":{"start":{"line":44,"column":18},"end":{"line":46,"column":13}},"type":"if","locations":[{"start":{"line":44,"column":18},"end":{"line":46,"column":13}},{"start":{},"end":{}}],"line":44},"8":{"loc":{"start":{"line":53,"column":11},"end":{"line":57,"column":36}},"type":"binary-expr","locations":[{"start":{"line":53,"column":11},"end":{"line":53,"column":36}},{"start":{"line":54,"column":11},"end":{"line":57,"column":36}}],"line":53}},"s":{"0":0,"1":0,"2":0,"3":0,"4":0,"5":0,"6":0,"7":0,"8":0,"9":0,"10":0,"11":0,"12":0,"13":0,"14":0,"15":0,"16":0,"17":0,"18":0,"19":0,"20":0,"21":0,"22":0,"23":0,"24":0,"25":0},"f":{"0":0,"1":0,"2":0},"b":{"0":[0,0],"1":[0,0],"2":[0,0],"3":[0,0],"4":[0,0],"5":[0,0],"6":[0,0],"7":[0,0],"8":[0,0]}}
,"C:\\Users\\1531n\\BOG005-burger-queen-api-client\\burger-queen\\src\\components\\Orders\\TableOrder\\BodyTableOrder.jsx": {"path":"C:\\Users\\1531n\\BOG005-burger-queen-api-client\\burger-queen\\src\\components\\Orders\\TableOrder\\BodyTableOrder.jsx","statementMap":{"0":{"start":{"line":4,"column":30},"end":{"line":40,"column":1}},"1":{"start":{"line":6,"column":70},"end":{"line":6,"column":87}},"2":{"start":{"line":8,"column":2},"end":{"line":39,"column":3}},"3":{"start":{"line":15,"column":16},"end":{"line":30,"column":17}},"4":{"start":{"line":22,"column":43},"end":{"line":22,"column":77}},"5":{"start":{"line":23,"column":38},"end":{"line":23,"column":69}}},"fnMap":{"0":{"name":"(anonymous_0)","decl":{"start":{"line":4,"column":30},"end":{"line":4,"column":31}},"loc":{"start":{"line":4,"column":36},"end":{"line":40,"column":1}},"line":4},"1":{"name":"(anonymous_1)","decl":{"start":{"line":13,"column":32},"end":{"line":13,"column":33}},"loc":{"start":{"line":13,"column":45},"end":{"line":31,"column":15}},"line":13},"2":{"name":"(anonymous_2)","decl":{"start":{"line":22,"column":37},"end":{"line":22,"column":38}},"loc":{"start":{"line":22,"column":43},"end":{"line":22,"column":77}},"line":22},"3":{"name":"(anonymous_3)","decl":{"start":{"line":23,"column":32},"end":{"line":23,"column":33}},"loc":{"start":{"line":23,"column":38},"end":{"line":23,"column":69}},"line":23}},"branchMap":{},"s":{"0":0,"1":0,"2":0,"3":0,"4":0,"5":0},"f":{"0":0,"1":0,"2":0,"3":0},"b":{}}
,"C:\\Users\\1531n\\BOG005-burger-queen-api-client\\burger-queen\\src\\components\\Orders\\TableOrder\\HeaderTableOrder.jsx": {"path":"C:\\Users\\1531n\\BOG005-burger-queen-api-client\\burger-queen\\src\\components\\Orders\\TableOrder\\HeaderTableOrder.jsx","statementMap":{"0":{"start":{"line":2,"column":32},"end":{"line":17,"column":3}},"1":{"start":{"line":4,"column":23},"end":{"line":4,"column":56}},"2":{"start":{"line":6,"column":4},"end":{"line":16,"column":6}},"3":{"start":{"line":11,"column":14},"end":{"line":11,"column":81}}},"fnMap":{"0":{"name":"(anonymous_0)","decl":{"start":{"line":2,"column":32},"end":{"line":2,"column":33}},"loc":{"start":{"line":2,"column":38},"end":{"line":17,"column":3}},"line":2},"1":{"name":"(anonymous_1)","decl":{"start":{"line":10,"column":27},"end":{"line":10,"column":28}},"loc":{"start":{"line":10,"column":37},"end":{"line":12,"column":13}},"line":10}},"branchMap":{},"s":{"0":0,"1":0,"2":0,"3":0},"f":{"0":0,"1":0},"b":{}}
,"C:\\Users\\1531n\\BOG005-burger-queen-api-client\\burger-queen\\src\\components\\Orders\\TableOrder\\TableOrder.jsx": {"path":"C:\\Users\\1531n\\BOG005-burger-queen-api-client\\burger-queen\\src\\components\\Orders\\TableOrder\\TableOrder.jsx","statementMap":{"0":{"start":{"line":6,"column":26},"end":{"line":15,"column":1}},"1":{"start":{"line":9,"column":4},"end":{"line":14,"column":5}}},"fnMap":{"0":{"name":"(anonymous_0)","decl":{"start":{"line":6,"column":26},"end":{"line":6,"column":27}},"loc":{"start":{"line":6,"column":32},"end":{"line":15,"column":1}},"line":6}},"branchMap":{},"s":{"0":0,"1":0},"f":{"0":0},"b":{}}
,"C:\\Users\\1531n\\BOG005-burger-queen-api-client\\burger-queen\\src\\components\\Products\\ProductTable.jsx": {"path":"C:\\Users\\1531n\\BOG005-burger-queen-api-client\\burger-queen\\src\\components\\Products\\ProductTable.jsx","statementMap":{"0":{"start":{"line":6,"column":51},"end":{"line":6,"column":71}},"1":{"start":{"line":8,"column":4},"end":{"line":10,"column":5}}},"fnMap":{"0":{"name":"ProductsTable","decl":{"start":{"line":4,"column":9},"end":{"line":4,"column":22}},"loc":{"start":{"line":4,"column":24},"end":{"line":11,"column":1}},"line":4}},"branchMap":{},"s":{"0":0,"1":0},"f":{"0":0},"b":{}}
,"C:\\Users\\1531n\\BOG005-burger-queen-api-client\\burger-queen\\src\\components\\Products\\DeleteModalProduct\\DeleteModalProduct.jsx": {"path":"C:\\Users\\1531n\\BOG005-burger-queen-api-client\\burger-queen\\src\\components\\Products\\DeleteModalProduct\\DeleteModalProduct.jsx","statementMap":{"0":{"start":{"line":5,"column":24},"end":{"line":7,"column":1}},"1":{"start":{"line":6,"column":2},"end":{"line":6,"column":84}},"2":{"start":{"line":9,"column":34},"end":{"line":31,"column":1}},"3":{"start":{"line":10,"column":28},"end":{"line":10,"column":48}},"4":{"start":{"line":12,"column":23},"end":{"line":15,"column":3}},"5":{"start":{"line":13,"column":4},"end":{"line":13,"column":35}},"6":{"start":{"line":14,"column":4},"end":{"line":14,"column":16}},"7":{"start":{"line":17,"column":2},"end":{"line":30,"column":4}}},"fnMap":{"0":{"name":"(anonymous_0)","decl":{"start":{"line":5,"column":24},"end":{"line":5,"column":25}},"loc":{"start":{"line":5,"column":37},"end":{"line":7,"column":1}},"line":5},"1":{"name":"(anonymous_1)","decl":{"start":{"line":9,"column":34},"end":{"line":9,"column":35}},"loc":{"start":{"line":9,"column":63},"end":{"line":31,"column":1}},"line":9},"2":{"name":"(anonymous_2)","decl":{"start":{"line":12,"column":23},"end":{"line":12,"column":24}},"loc":{"start":{"line":12,"column":35},"end":{"line":15,"column":3}},"line":12}},"branchMap":{},"s":{"0":0,"1":0,"2":0,"3":0,"4":0,"5":0,"6":0,"7":0},"f":{"0":0,"1":0,"2":0},"b":{}}
,"C:\\Users\\1531n\\BOG005-burger-queen-api-client\\burger-queen\\src\\components\\Products\\FormProduct\\FormProduct.jsx": {"path":"C:\\Users\\1531n\\BOG005-burger-queen-api-client\\burger-queen\\src\\components\\Products\\FormProduct\\FormProduct.jsx","statementMap":{"0":{"start":{"line":9,"column":27},"end":{"line":152,"column":1}},"1":{"start":{"line":11,"column":19},"end":{"line":11,"column":30}},"2":{"start":{"line":13,"column":45},"end":{"line":13,"column":65}},"3":{"start":{"line":14,"column":39},"end":{"line":14,"column":65}},"4":{"start":{"line":15,"column":42},"end":{"line":15,"column":70}},"5":{"start":{"line":16,"column":42},"end":{"line":16,"column":70}},"6":{"start":{"line":17,"column":40},"end":{"line":17,"column":69}},"7":{"start":{"line":18,"column":44},"end":{"line":18,"column":73}},"8":{"start":{"line":19,"column":42},"end":{"line":19,"column":73}},"9":{"start":{"line":21,"column":23},"end":{"line":21,"column":53}},"10":{"start":{"line":23,"column":21},"end":{"line":23,"column":34}},"11":{"start":{"line":25,"column":22},"end":{"line":32,"column":5}},"12":{"start":{"line":26,"column":8},"end":{"line":26,"column":25}},"13":{"start":{"line":27,"column":8},"end":{"line":27,"column":27}},"14":{"start":{"line":28,"column":8},"end":{"line":28,"column":27}},"15":{"start":{"line":29,"column":8},"end":{"line":29,"column":26}},"16":{"start":{"line":30,"column":8},"end":{"line":30,"column":28}},"17":{"start":{"line":31,"column":8},"end":{"line":31,"column":28}},"18":{"start":{"line":34,"column":4},"end":{"line":41,"column":15}},"19":{"start":{"line":35,"column":31},"end":{"line":35,"column":42}},"20":{"start":{"line":36,"column":8},"end":{"line":40,"column":9}},"21":{"start":{"line":37,"column":12},"end":{"line":37,"column":42}},"22":{"start":{"line":39,"column":12},"end":{"line":39,"column":23}},"23":{"start":{"line":45,"column":27},"end":{"line":53,"column":5}},"24":{"start":{"line":46,"column":21},"end":{"line":46,"column":59}},"25":{"start":{"line":47,"column":8},"end":{"line":47,"column":24}},"26":{"start":{"line":48,"column":8},"end":{"line":48,"column":33}},"27":{"start":{"line":49,"column":8},"end":{"line":49,"column":33}},"28":{"start":{"line":50,"column":8},"end":{"line":50,"column":33}},"29":{"start":{"line":51,"column":8},"end":{"line":51,"column":35}},"30":{"start":{"line":52,"column":8},"end":{"line":52,"column":34}},"31":{"start":{"line":55,"column":25},"end":{"line":76,"column":5}},"32":{"start":{"line":56,"column":8},"end":{"line":56,"column":27}},"33":{"start":{"line":58,"column":21},"end":{"line":64,"column":9}},"34":{"start":{"line":67,"column":8},"end":{"line":75,"column":9}},"35":{"start":{"line":68,"column":12},"end":{"line":68,"column":37}},"36":{"start":{"line":69,"column":12},"end":{"line":69,"column":23}},"37":{"start":{"line":72,"column":12},"end":{"line":72,"column":48}},"38":{"start":{"line":73,"column":12},"end":{"line":73,"column":61}},"39":{"start":{"line":73,"column":49},"end":{"line":73,"column":61}},"40":{"start":{"line":74,"column":12},"end":{"line":74,"column":23}},"41":{"start":{"line":78,"column":31},"end":{"line":80,"column":5}},"42":{"start":{"line":79,"column":8},"end":{"line":79,"column":35}},"43":{"start":{"line":82,"column":30},"end":{"line":86,"column":5}},"44":{"start":{"line":83,"column":29},"end":{"line":83,"column":65}},"45":{"start":{"line":84,"column":28},"end":{"line":84,"column":60}},"46":{"start":{"line":85,"column":8},"end":{"line":85,"column":34}},"47":{"start":{"line":88,"column":18},"end":{"line":88,"column":68}},"48":{"start":{"line":90,"column":26},"end":{"line":94,"column":5}},"49":{"start":{"line":91,"column":8},"end":{"line":91,"column":29}},"50":{"start":{"line":92,"column":8},"end":{"line":92,"column":19}},"51":{"start":{"line":93,"column":8},"end":{"line":93,"column":58}},"52":{"start":{"line":93,"column":46},"end":{"line":93,"column":58}},"53":{"start":{"line":96,"column":4},"end":{"line":151,"column":5}},"54":{"start":{"line":109,"column":48},"end":{"line":109,"column":89}},"55":{"start":{"line":113,"column":49},"end":{"line":113,"column":89}},"56":{"start":{"line":129,"column":40},"end":{"line":129,"column":60}},"57":{"start":{"line":140,"column":44},"end":{"line":140,"column":81}},"58":{"start":{"line":146,"column":105},"end":{"line":146,"column":120}}},"fnMap":{"0":{"name":"(anonymous_0)","decl":{"start":{"line":9,"column":27},"end":{"line":9,"column":28}},"loc":{"start":{"line":9,"column":56},"end":{"line":152,"column":1}},"line":9},"1":{"name":"(anonymous_1)","decl":{"start":{"line":25,"column":22},"end":{"line":25,"column":23}},"loc":{"start":{"line":25,"column":28},"end":{"line":32,"column":5}},"line":25},"2":{"name":"(anonymous_2)","decl":{"start":{"line":34,"column":14},"end":{"line":34,"column":15}},"loc":{"start":{"line":34,"column":18},"end":{"line":41,"column":5}},"line":34},"3":{"name":"(anonymous_3)","decl":{"start":{"line":45,"column":27},"end":{"line":45,"column":28}},"loc":{"start":{"line":45,"column":41},"end":{"line":53,"column":5}},"line":45},"4":{"name":"(anonymous_4)","decl":{"start":{"line":55,"column":25},"end":{"line":55,"column":26}},"loc":{"start":{"line":55,"column":38},"end":{"line":76,"column":5}},"line":55},"5":{"name":"(anonymous_5)","decl":{"start":{"line":78,"column":31},"end":{"line":78,"column":32}},"loc":{"start":{"line":78,"column":57},"end":{"line":80,"column":5}},"line":78},"6":{"name":"(anonymous_6)","decl":{"start":{"line":82,"column":30},"end":{"line":82,"column":31}},"loc":{"start":{"line":82,"column":43},"end":{"line":86,"column":5}},"line":82},"7":{"name":"(anonymous_7)","decl":{"start":{"line":90,"column":26},"end":{"line":90,"column":27}},"loc":{"start":{"line":90,"column":32},"end":{"line":94,"column":5}},"line":90},"8":{"name":"(anonymous_8)","decl":{"start":{"line":109,"column":37},"end":{"line":109,"column":38}},"loc":{"start":{"line":109,"column":48},"end":{"line":109,"column":89}},"line":109},"9":{"name":"(anonymous_9)","decl":{"start":{"line":113,"column":38},"end":{"line":113,"column":39}},"loc":{"start":{"line":113,"column":49},"end":{"line":113,"column":89}},"line":113},"10":{"name":"(anonymous_10)","decl":{"start":{"line":128,"column":46},"end":{"line":128,"column":47}},"loc":{"start":{"line":128,"column":53},"end":{"line":130,"column":37}},"line":128},"11":{"name":"(anonymous_11)","decl":{"start":{"line":140,"column":37},"end":{"line":140,"column":38}},"loc":{"start":{"line":140,"column":44},"end":{"line":140,"column":81}},"line":140},"12":{"name":"(anonymous_12)","decl":{"start":{"line":146,"column":99},"end":{"line":146,"column":100}},"loc":{"start":{"line":146,"column":105},"end":{"line":146,"column":120}},"line":146}},"branchMap":{"0":{"loc":{"start":{"line":14,"column":48},"end":{"line":14,"column":64}},"type":"binary-expr","locations":[{"start":{"line":14,"column":48},"end":{"line":14,"column":58}},{"start":{"line":14,"column":62},"end":{"line":14,"column":64}}],"line":14},"1":{"loc":{"start":{"line":15,"column":51},"end":{"line":15,"column":69}},"type":"binary-expr","locations":[{"start":{"line":15,"column":51},"end":{"line":15,"column":63}},{"start":{"line":15,"column":67},"end":{"line":15,"column":69}}],"line":15},"2":{"loc":{"start":{"line":16,"column":51},"end":{"line":16,"column":69}},"type":"binary-expr","locations":[{"start":{"line":16,"column":51},"end":{"line":16,"column":63}},{"start":{"line":16,"column":67},"end":{"line":16,"column":69}}],"line":16},"3":{"loc":{"start":{"line":17,"column":49},"end":{"line":17,"column":68}},"type":"binary-expr","locations":[{"start":{"line":17,"column":49},"end":{"line":17,"column":62}},{"start":{"line":17,"column":66},"end":{"line":17,"column":68}}],"line":17},"4":{"loc":{"start":{"line":18,"column":53},"end":{"line":18,"column":72}},"type":"binary-expr","locations":[{"start":{"line":18,"column":53},"end":{"line":18,"column":66}},{"start":{"line":18,"column":70},"end":{"line":18,"column":72}}],"line":18},"5":{"loc":{"start":{"line":19,"column":51},"end":{"line":19,"column":72}},"type":"binary-expr","locations":[{"start":{"line":19,"column":51},"end":{"line":19,"column":64}},{"start":{"line":19,"column":68},"end":{"line":19,"column":72}}],"line":19},"6":{"loc":{"start":{"line":21,"column":23},"end":{"line":21,"column":53}},"type":"cond-expr","locations":[{"start":{"line":21,"column":42},"end":{"line":21,"column":46}},{"start":{"line":21,"column":48},"end":{"line":21,"column":53}}],"line":21},"7":{"loc":{"start":{"line":36,"column":8},"end":{"line":40,"column":9}},"type":"if","locations":[{"start":{"line":36,"column":8},"end":{"line":40,"column":9}},{"start":{"line":38,"column":15},"end":{"line":40,"column":9}}],"line":36},"8":{"loc":{"start":{"line":59,"column":16},"end":{"line":59,"column":39}},"type":"binary-expr","locations":[{"start":{"line":59,"column":16},"end":{"line":59,"column":25}},{"start":{"line":59,"column":29},"end":{"line":59,"column":39}}],"line":59},"9":{"loc":{"start":{"line":67,"column":8},"end":{"line":75,"column":9}},"type":"if","locations":[{"start":{"line":67,"column":8},"end":{"line":75,"column":9}},{"start":{"line":71,"column":15},"end":{"line":75,"column":9}}],"line":67},"10":{"loc":{"start":{"line":73,"column":12},"end":{"line":73,"column":61}},"type":"if","locations":[{"start":{"line":73,"column":12},"end":{"line":73,"column":61}},{"start":{},"end":{}}],"line":73},"11":{"loc":{"start":{"line":88,"column":18},"end":{"line":88,"column":68}},"type":"cond-expr","locations":[{"start":{"line":88,"column":31},"end":{"line":88,"column":47}},{"start":{"line":88,"column":51},"end":{"line":88,"column":68}}],"line":88},"12":{"loc":{"start":{"line":93,"column":8},"end":{"line":93,"column":58}},"type":"if","locations":[{"start":{"line":93,"column":8},"end":{"line":93,"column":58}},{"start":{},"end":{}}],"line":93}},"s":{"0":0,"1":0,"2":0,"3":0,"4":0,"5":0,"6":0,"7":0,"8":0,"9":0,"10":0,"11":0,"12":0,"13":0,"14":0,"15":0,"16":0,"17":0,"18":0,"19":0,"20":0,"21":0,"22":0,"23":0,"24":0,"25":0,"26":0,"27":0,"28":0,"29":0,"30":0,"31":0,"32":0,"33":0,"34":0,"35":0,"36":0,"37":0,"38":0,"39":0,"40":0,"41":0,"42":0,"43":0,"44":0,"45":0,"46":0,"47":0,"48":0,"49":0,"50":0,"51":0,"52":0,"53":0,"54":0,"55":0,"56":0,"57":0,"58":0},"f":{"0":0,"1":0,"2":0,"3":0,"4":0,"5":0,"6":0,"7":0,"8":0,"9":0,"10":0,"11":0,"12":0},"b":{"0":[0,0],"1":[0,0],"2":[0,0],"3":[0,0],"4":[0,0],"5":[0,0],"6":[0,0],"7":[0,0],"8":[0,0],"9":[0,0],"10":[0,0],"11":[0,0],"12":[0,0]}}
,"C:\\Users\\1531n\\BOG005-burger-queen-api-client\\burger-queen\\src\\components\\ProtectedRoute\\ProtectedRoute.jsx": {"path":"C:\\Users\\1531n\\BOG005-burger-queen-api-client\\burger-queen\\src\\components\\ProtectedRoute\\ProtectedRoute.jsx","statementMap":{"0":{"start":{"line":3,"column":30},"end":{"line":10,"column":1}},"1":{"start":{"line":5,"column":17},"end":{"line":5,"column":61}},"2":{"start":{"line":7,"column":4},"end":{"line":7,"column":51}},"3":{"start":{"line":7,"column":36},"end":{"line":7,"column":51}},"4":{"start":{"line":9,"column":4},"end":{"line":9,"column":44}}},"fnMap":{"0":{"name":"(anonymous_0)","decl":{"start":{"line":3,"column":30},"end":{"line":3,"column":31}},"loc":{"start":{"line":3,"column":70},"end":{"line":10,"column":1}},"line":3}},"branchMap":{"0":{"loc":{"start":{"line":7,"column":4},"end":{"line":7,"column":51}},"type":"if","locations":[{"start":{"line":7,"column":4},"end":{"line":7,"column":51}},{"start":{},"end":{}}],"line":7}},"s":{"0":0,"1":0,"2":0,"3":0,"4":0},"f":{"0":0},"b":{"0":[0,0]}}
,"C:\\Users\\1531n\\BOG005-burger-queen-api-client\\burger-queen\\src\\components\\SideMenu\\SideMenu.jsx": {"path":"C:\\Users\\1531n\\BOG005-burger-queen-api-client\\burger-queen\\src\\components\\SideMenu\\SideMenu.jsx","statementMap":{"0":{"start":{"line":15,"column":24},"end":{"line":19,"column":1}},"1":{"start":{"line":16,"column":4},"end":{"line":18,"column":5}},"2":{"start":{"line":25,"column":24},"end":{"line":79,"column":1}},"3":{"start":{"line":27,"column":34},"end":{"line":27,"column":49}},"4":{"start":{"line":28,"column":17},"end":{"line":28,"column":61}},"5":{"start":{"line":30,"column":4},"end":{"line":78,"column":5}}},"fnMap":{"0":{"name":"(anonymous_0)","decl":{"start":{"line":15,"column":24},"end":{"line":15,"column":25}},"loc":{"start":{"line":15,"column":37},"end":{"line":19,"column":1}},"line":15},"1":{"name":"(anonymous_1)","decl":{"start":{"line":25,"column":24},"end":{"line":25,"column":25}},"loc":{"start":{"line":25,"column":30},"end":{"line":79,"column":1}},"line":25}},"branchMap":{"0":{"loc":{"start":{"line":40,"column":13},"end":{"line":51,"column":32}},"type":"cond-expr","locations":[{"start":{"line":41,"column":18},"end":{"line":51,"column":26}},{"start":{"line":51,"column":30},"end":{"line":51,"column":32}}],"line":40},"1":{"loc":{"start":{"line":59,"column":13},"end":{"line":63,"column":22}},"type":"cond-expr","locations":[{"start":{"line":59,"column":37},"end":{"line":59,"column":39}},{"start":{"line":60,"column":16},"end":{"line":63,"column":22}}],"line":59}},"s":{"0":0,"1":0,"2":0,"3":0,"4":0,"5":0},"f":{"0":0,"1":0},"b":{"0":[0,0],"1":[0,0]}}
,"C:\\Users\\1531n\\BOG005-burger-queen-api-client\\burger-queen\\src\\components\\SideMenu\\LogOutModal\\LogOutModal.jsx": {"path":"C:\\Users\\1531n\\BOG005-burger-queen-api-client\\burger-queen\\src\\components\\SideMenu\\LogOutModal\\LogOutModal.jsx","statementMap":{"0":{"start":{"line":3,"column":27},"end":{"line":18,"column":1}},"1":{"start":{"line":4,"column":2},"end":{"line":17,"column":4}},"2":{"start":{"line":12,"column":12},"end":{"line":12,"column":20}},"3":{"start":{"line":13,"column":12},"end":{"line":13,"column":24}}},"fnMap":{"0":{"name":"(anonymous_0)","decl":{"start":{"line":3,"column":27},"end":{"line":3,"column":28}},"loc":{"start":{"line":3,"column":55},"end":{"line":18,"column":1}},"line":3},"1":{"name":"(anonymous_1)","decl":{"start":{"line":11,"column":25},"end":{"line":11,"column":26}},"loc":{"start":{"line":11,"column":29},"end":{"line":14,"column":9}},"line":11}},"branchMap":{},"s":{"0":0,"1":0,"2":0,"3":0},"f":{"0":0,"1":0},"b":{}}
,"C:\\Users\\1531n\\BOG005-burger-queen-api-client\\burger-queen\\src\\components\\Users\\UsersTable.jsx": {"path":"C:\\Users\\1531n\\BOG005-burger-queen-api-client\\burger-queen\\src\\components\\Users\\UsersTable.jsx","statementMap":{"0":{"start":{"line":6,"column":48},"end":{"line":6,"column":65}},"1":{"start":{"line":9,"column":4},"end":{"line":11,"column":5}}},"fnMap":{"0":{"name":"UsersTable","decl":{"start":{"line":4,"column":9},"end":{"line":4,"column":19}},"loc":{"start":{"line":4,"column":21},"end":{"line":12,"column":1}},"line":4}},"branchMap":{},"s":{"0":0,"1":0},"f":{"0":0},"b":{}}
,"C:\\Users\\1531n\\BOG005-burger-queen-api-client\\burger-queen\\src\\components\\Users\\DeleteModalUser\\DeleteModalUser.jsx": {"path":"C:\\Users\\1531n\\BOG005-burger-queen-api-client\\burger-queen\\src\\components\\Users\\DeleteModalUser\\DeleteModalUser.jsx","statementMap":{"0":{"start":{"line":5,"column":24},"end":{"line":7,"column":1}},"1":{"start":{"line":6,"column":2},"end":{"line":6,"column":84}},"2":{"start":{"line":9,"column":31},"end":{"line":31,"column":1}},"3":{"start":{"line":10,"column":25},"end":{"line":10,"column":42}},"4":{"start":{"line":12,"column":23},"end":{"line":15,"column":3}},"5":{"start":{"line":13,"column":4},"end":{"line":13,"column":32}},"6":{"start":{"line":14,"column":4},"end":{"line":14,"column":16}},"7":{"start":{"line":17,"column":2},"end":{"line":30,"column":4}}},"fnMap":{"0":{"name":"(anonymous_0)","decl":{"start":{"line":5,"column":24},"end":{"line":5,"column":25}},"loc":{"start":{"line":5,"column":37},"end":{"line":7,"column":1}},"line":5},"1":{"name":"(anonymous_1)","decl":{"start":{"line":9,"column":31},"end":{"line":9,"column":32}},"loc":{"start":{"line":9,"column":60},"end":{"line":31,"column":1}},"line":9},"2":{"name":"(anonymous_2)","decl":{"start":{"line":12,"column":23},"end":{"line":12,"column":24}},"loc":{"start":{"line":12,"column":35},"end":{"line":15,"column":3}},"line":12}},"branchMap":{},"s":{"0":0,"1":0,"2":0,"3":0,"4":0,"5":0,"6":0,"7":0},"f":{"0":0,"1":0,"2":0},"b":{}}
,"C:\\Users\\1531n\\BOG005-burger-queen-api-client\\burger-queen\\src\\components\\Users\\FormUser\\FormUser.jsx": {"path":"C:\\Users\\1531n\\BOG005-burger-queen-api-client\\burger-queen\\src\\components\\Users\\FormUser\\FormUser.jsx","statementMap":{"0":{"start":{"line":7,"column":24},"end":{"line":118,"column":1}},"1":{"start":{"line":9,"column":39},"end":{"line":9,"column":56}},"2":{"start":{"line":11,"column":19},"end":{"line":11,"column":30}},"3":{"start":{"line":13,"column":21},"end":{"line":13,"column":34}},"4":{"start":{"line":15,"column":28},"end":{"line":15,"column":51}},"5":{"start":{"line":17,"column":23},"end":{"line":17,"column":46}},"6":{"start":{"line":19,"column":4},"end":{"line":27,"column":15}},"7":{"start":{"line":20,"column":28},"end":{"line":20,"column":39}},"8":{"start":{"line":21,"column":8},"end":{"line":26,"column":9}},"9":{"start":{"line":21,"column":30},"end":{"line":21,"column":54}},"10":{"start":{"line":24,"column":32},"end":{"line":24,"column":34}},"11":{"start":{"line":25,"column":12},"end":{"line":25,"column":58}},"12":{"start":{"line":29,"column":24},"end":{"line":32,"column":5}},"13":{"start":{"line":30,"column":21},"end":{"line":30,"column":56}},"14":{"start":{"line":31,"column":8},"end":{"line":31,"column":21}},"15":{"start":{"line":34,"column":31},"end":{"line":41,"column":5}},"16":{"start":{"line":36,"column":20},"end":{"line":36,"column":33}},"17":{"start":{"line":37,"column":24},"end":{"line":37,"column":26}},"18":{"start":{"line":38,"column":8},"end":{"line":38,"column":39}},"19":{"start":{"line":40,"column":8},"end":{"line":40,"column":42}},"20":{"start":{"line":43,"column":26},"end":{"line":47,"column":5}},"21":{"start":{"line":44,"column":8},"end":{"line":44,"column":26}},"22":{"start":{"line":45,"column":8},"end":{"line":45,"column":19}},"23":{"start":{"line":46,"column":8},"end":{"line":46,"column":58}},"24":{"start":{"line":46,"column":46},"end":{"line":46,"column":58}},"25":{"start":{"line":49,"column":25},"end":{"line":68,"column":5}},"26":{"start":{"line":50,"column":8},"end":{"line":50,"column":27}},"27":{"start":{"line":52,"column":8},"end":{"line":52,"column":46}},"28":{"start":{"line":54,"column":8},"end":{"line":66,"column":9}},"29":{"start":{"line":56,"column":12},"end":{"line":56,"column":65}},"30":{"start":{"line":58,"column":32},"end":{"line":58,"column":34}},"31":{"start":{"line":59,"column":12},"end":{"line":59,"column":71}},"32":{"start":{"line":63,"column":12},"end":{"line":63,"column":34}},"33":{"start":{"line":64,"column":12},"end":{"line":64,"column":61}},"34":{"start":{"line":64,"column":49},"end":{"line":64,"column":61}},"35":{"start":{"line":65,"column":12},"end":{"line":65,"column":23}},"36":{"start":{"line":71,"column":4},"end":{"line":117,"column":5}},"37":{"start":{"line":84,"column":48},"end":{"line":84,"column":73}},"38":{"start":{"line":88,"column":48},"end":{"line":88,"column":82}},"39":{"start":{"line":92,"column":49},"end":{"line":92,"column":82}},"40":{"start":{"line":104,"column":56},"end":{"line":104,"column":93}},"41":{"start":{"line":113,"column":102},"end":{"line":113,"column":117}}},"fnMap":{"0":{"name":"(anonymous_0)","decl":{"start":{"line":7,"column":24},"end":{"line":7,"column":25}},"loc":{"start":{"line":7,"column":53},"end":{"line":118,"column":1}},"line":7},"1":{"name":"(anonymous_1)","decl":{"start":{"line":19,"column":14},"end":{"line":19,"column":15}},"loc":{"start":{"line":19,"column":18},"end":{"line":27,"column":5}},"line":19},"2":{"name":"(anonymous_2)","decl":{"start":{"line":29,"column":24},"end":{"line":29,"column":25}},"loc":{"start":{"line":29,"column":38},"end":{"line":32,"column":5}},"line":29},"3":{"name":"(anonymous_3)","decl":{"start":{"line":34,"column":31},"end":{"line":34,"column":32}},"loc":{"start":{"line":34,"column":44},"end":{"line":41,"column":5}},"line":34},"4":{"name":"(anonymous_4)","decl":{"start":{"line":43,"column":26},"end":{"line":43,"column":27}},"loc":{"start":{"line":43,"column":32},"end":{"line":47,"column":5}},"line":43},"5":{"name":"(anonymous_5)","decl":{"start":{"line":49,"column":25},"end":{"line":49,"column":26}},"loc":{"start":{"line":49,"column":38},"end":{"line":68,"column":5}},"line":49},"6":{"name":"(anonymous_6)","decl":{"start":{"line":84,"column":37},"end":{"line":84,"column":38}},"loc":{"start":{"line":84,"column":48},"end":{"line":84,"column":73}},"line":84},"7":{"name":"(anonymous_7)","decl":{"start":{"line":88,"column":37},"end":{"line":88,"column":38}},"loc":{"start":{"line":88,"column":48},"end":{"line":88,"column":82}},"line":88},"8":{"name":"(anonymous_8)","decl":{"start":{"line":92,"column":38},"end":{"line":92,"column":39}},"loc":{"start":{"line":92,"column":49},"end":{"line":92,"column":82}},"line":92},"9":{"name":"(anonymous_9)","decl":{"start":{"line":104,"column":45},"end":{"line":104,"column":46}},"loc":{"start":{"line":104,"column":56},"end":{"line":104,"column":93}},"line":104},"10":{"name":"(anonymous_10)","decl":{"start":{"line":113,"column":96},"end":{"line":113,"column":97}},"loc":{"start":{"line":113,"column":102},"end":{"line":113,"column":117}},"line":113}},"branchMap":{"0":{"loc":{"start":{"line":15,"column":37},"end":{"line":15,"column":50}},"type":"binary-expr","locations":[{"start":{"line":15,"column":37},"end":{"line":15,"column":44}},{"start":{"line":15,"column":48},"end":{"line":15,"column":50}}],"line":15},"1":{"loc":{"start":{"line":17,"column":23},"end":{"line":17,"column":46}},"type":"cond-expr","locations":[{"start":{"line":17,"column":34},"end":{"line":17,"column":39}},{"start":{"line":17,"column":42},"end":{"line":17,"column":46}}],"line":17},"2":{"loc":{"start":{"line":21,"column":8},"end":{"line":26,"column":9}},"type":"if","locations":[{"start":{"line":21,"column":8},"end":{"line":26,"column":9}},{"start":{"line":23,"column":13},"end":{"line":26,"column":9}}],"line":21},"3":{"loc":{"start":{"line":46,"column":8},"end":{"line":46,"column":58}},"type":"if","locations":[{"start":{"line":46,"column":8},"end":{"line":46,"column":58}},{"start":{},"end":{}}],"line":46},"4":{"loc":{"start":{"line":54,"column":8},"end":{"line":66,"column":9}},"type":"if","locations":[{"start":{"line":54,"column":8},"end":{"line":66,"column":9}},{"start":{"line":61,"column":15},"end":{"line":66,"column":9}}],"line":54},"5":{"loc":{"start":{"line":64,"column":12},"end":{"line":64,"column":61}},"type":"if","locations":[{"start":{"line":64,"column":12},"end":{"line":64,"column":61}},{"start":{},"end":{}}],"line":64},"6":{"loc":{"start":{"line":85,"column":67},"end":{"line":85,"column":82}},"type":"binary-expr","locations":[{"start":{"line":85,"column":67},"end":{"line":85,"column":76}},{"start":{"line":85,"column":80},"end":{"line":85,"column":82}}],"line":85},"7":{"loc":{"start":{"line":89,"column":67},"end":{"line":89,"column":83}},"type":"binary-expr","locations":[{"start":{"line":89,"column":67},"end":{"line":89,"column":77}},{"start":{"line":89,"column":81},"end":{"line":89,"column":83}}],"line":89},"8":{"loc":{"start":{"line":101,"column":24},"end":{"line":106,"column":27}},"type":"binary-expr","locations":[{"start":{"line":101,"column":24},"end":{"line":101,"column":34}},{"start":{"line":102,"column":24},"end":{"line":106,"column":27}}],"line":101}},"s":{"0":0,"1":0,"2":0,"3":0,"4":0,"5":0,"6":0,"7":0,"8":0,"9":0,"10":0,"11":0,"12":0,"13":0,"14":0,"15":0,"16":0,"17":0,"18":0,"19":0,"20":0,"21":0,"22":0,"23":0,"24":0,"25":0,"26":0,"27":0,"28":0,"29":0,"30":0,"31":0,"32":0,"33":0,"34":0,"35":0,"36":0,"37":0,"38":0,"39":0,"40":0,"41":0},"f":{"0":0,"1":0,"2":0,"3":0,"4":0,"5":0,"6":0,"7":0,"8":0,"9":0,"10":0},"b":{"0":[0,0],"1":[0,0],"2":[0,0],"3":[0,0],"4":[0,0],"5":[0,0],"6":[0,0],"7":[0,0],"8":[0,0]}}
,"C:\\Users\\1531n\\BOG005-burger-queen-api-client\\burger-queen\\src\\components\\ViewOrderTable\\ViewOrderTable.jsx": {"path":"C:\\Users\\1531n\\BOG005-burger-queen-api-client\\burger-queen\\src\\components\\ViewOrderTable\\ViewOrderTable.jsx","statementMap":{"0":{"start":{"line":4,"column":30},"end":{"line":12,"column":1}},"1":{"start":{"line":6,"column":54},"end":{"line":6,"column":75}},"2":{"start":{"line":8,"column":4},"end":{"line":10,"column":5}}},"fnMap":{"0":{"name":"(anonymous_0)","decl":{"start":{"line":4,"column":30},"end":{"line":4,"column":31}},"loc":{"start":{"line":4,"column":36},"end":{"line":12,"column":1}},"line":4}},"branchMap":{},"s":{"0":0,"1":0,"2":0},"f":{"0":0},"b":{}}
,"C:\\Users\\1531n\\BOG005-burger-queen-api-client\\burger-queen\\src\\components\\ViewOrderTable\\DeletModalOrder\\DeleteModalOrder.jsx": {"path":"C:\\Users\\1531n\\BOG005-burger-queen-api-client\\burger-queen\\src\\components\\ViewOrderTable\\DeletModalOrder\\DeleteModalOrder.jsx","statementMap":{"0":{"start":{"line":3,"column":29},"end":{"line":5,"column":1}},"1":{"start":{"line":4,"column":2},"end":{"line":4,"column":84}},"2":{"start":{"line":7,"column":32},"end":{"line":33,"column":1}},"3":{"start":{"line":9,"column":26},"end":{"line":9,"column":47}},"4":{"start":{"line":12,"column":23},"end":{"line":17,"column":3}},"5":{"start":{"line":13,"column":6},"end":{"line":16,"column":7}},"6":{"start":{"line":19,"column":2},"end":{"line":32,"column":4}}},"fnMap":{"0":{"name":"(anonymous_0)","decl":{"start":{"line":3,"column":29},"end":{"line":3,"column":30}},"loc":{"start":{"line":3,"column":42},"end":{"line":5,"column":1}},"line":3},"1":{"name":"(anonymous_1)","decl":{"start":{"line":7,"column":32},"end":{"line":7,"column":33}},"loc":{"start":{"line":7,"column":61},"end":{"line":33,"column":1}},"line":7},"2":{"name":"(anonymous_2)","decl":{"start":{"line":12,"column":23},"end":{"line":12,"column":24}},"loc":{"start":{"line":12,"column":35},"end":{"line":17,"column":3}},"line":12}},"branchMap":{},"s":{"0":0,"1":0,"2":0,"3":0,"4":0,"5":0,"6":0},"f":{"0":0,"1":0,"2":0},"b":{}}
,"C:\\Users\\1531n\\BOG005-burger-queen-api-client\\burger-queen\\src\\components\\ViewOrderTable\\ModalViewOrder\\ModalViewOrder.jsx": {"path":"C:\\Users\\1531n\\BOG005-burger-queen-api-client\\burger-queen\\src\\components\\ViewOrderTable\\ModalViewOrder\\ModalViewOrder.jsx","statementMap":{"0":{"start":{"line":4,"column":30},"end":{"line":51,"column":1}},"1":{"start":{"line":6,"column":22},"end":{"line":6,"column":43}},"2":{"start":{"line":8,"column":2},"end":{"line":50,"column":4}},"3":{"start":{"line":19,"column":12},"end":{"line":30,"column":13}},"4":{"start":{"line":20,"column":14},"end":{"line":29,"column":18}},"5":{"start":{"line":22,"column":19},"end":{"line":27,"column":20}},"6":{"start":{"line":38,"column":12},"end":{"line":45,"column":13}},"7":{"start":{"line":39,"column":14},"end":{"line":44,"column":15}},"8":{"start":{"line":42,"column":66},"end":{"line":42,"column":122}}},"fnMap":{"0":{"name":"(anonymous_0)","decl":{"start":{"line":4,"column":30},"end":{"line":4,"column":31}},"loc":{"start":{"line":4,"column":45},"end":{"line":51,"column":1}},"line":4},"1":{"name":"(anonymous_1)","decl":{"start":{"line":18,"column":24},"end":{"line":18,"column":25}},"loc":{"start":{"line":18,"column":33},"end":{"line":31,"column":11}},"line":18},"2":{"name":"(anonymous_2)","decl":{"start":{"line":21,"column":35},"end":{"line":21,"column":36}},"loc":{"start":{"line":21,"column":51},"end":{"line":28,"column":17}},"line":21},"3":{"name":"(anonymous_3)","decl":{"start":{"line":37,"column":24},"end":{"line":37,"column":25}},"loc":{"start":{"line":37,"column":33},"end":{"line":46,"column":11}},"line":37},"4":{"name":"(anonymous_4)","decl":{"start":{"line":42,"column":43},"end":{"line":42,"column":44}},"loc":{"start":{"line":42,"column":66},"end":{"line":42,"column":122}},"line":42}},"branchMap":{"0":{"loc":{"start":{"line":19,"column":12},"end":{"line":30,"column":13}},"type":"if","locations":[{"start":{"line":19,"column":12},"end":{"line":30,"column":13}},{"start":{},"end":{}}],"line":19},"1":{"loc":{"start":{"line":38,"column":12},"end":{"line":45,"column":13}},"type":"if","locations":[{"start":{"line":38,"column":12},"end":{"line":45,"column":13}},{"start":{},"end":{}}],"line":38}},"s":{"0":0,"1":0,"2":0,"3":0,"4":0,"5":0,"6":0,"7":0,"8":0},"f":{"0":0,"1":0,"2":0,"3":0,"4":0},"b":{"0":[0,0],"1":[0,0]}}
,"C:\\Users\\1531n\\BOG005-burger-queen-api-client\\burger-queen\\src\\components\\ViewOrderTable\\OpenOrder\\OpenOrder.jsx": {"path":"C:\\Users\\1531n\\BOG005-burger-queen-api-client\\burger-queen\\src\\components\\ViewOrderTable\\OpenOrder\\OpenOrder.jsx","statementMap":{"0":{"start":{"line":9,"column":25},"end":{"line":64,"column":1}},"1":{"start":{"line":11,"column":34},"end":{"line":11,"column":49}},"2":{"start":{"line":12,"column":52},"end":{"line":12,"column":67}},"3":{"start":{"line":13,"column":21},"end":{"line":13,"column":65}},"4":{"start":{"line":15,"column":30},"end":{"line":15,"column":57}},"5":{"start":{"line":17,"column":31},"end":{"line":19,"column":5}},"6":{"start":{"line":18,"column":8},"end":{"line":18,"column":35}},"7":{"start":{"line":22,"column":4},"end":{"line":25,"column":11}},"8":{"start":{"line":23,"column":8},"end":{"line":23,"column":62}},"9":{"start":{"line":24,"column":8},"end":{"line":24,"column":78}},"10":{"start":{"line":24,"column":21},"end":{"line":24,"column":77}},"11":{"start":{"line":27,"column":4},"end":{"line":61,"column":5}}},"fnMap":{"0":{"name":"(anonymous_0)","decl":{"start":{"line":9,"column":25},"end":{"line":9,"column":26}},"loc":{"start":{"line":9,"column":55},"end":{"line":64,"column":1}},"line":9},"1":{"name":"(anonymous_1)","decl":{"start":{"line":17,"column":31},"end":{"line":17,"column":32}},"loc":{"start":{"line":17,"column":37},"end":{"line":19,"column":5}},"line":17},"2":{"name":"(anonymous_2)","decl":{"start":{"line":22,"column":14},"end":{"line":22,"column":15}},"loc":{"start":{"line":22,"column":20},"end":{"line":25,"column":5}},"line":22},"3":{"name":"(anonymous_3)","decl":{"start":{"line":24,"column":15},"end":{"line":24,"column":16}},"loc":{"start":{"line":24,"column":21},"end":{"line":24,"column":77}},"line":24}},"branchMap":{"0":{"loc":{"start":{"line":47,"column":12},"end":{"line":58,"column":17}},"type":"cond-expr","locations":[{"start":{"line":47,"column":41},"end":{"line":47,"column":43}},{"start":{"line":48,"column":12},"end":{"line":58,"column":17}}],"line":47}},"s":{"0":0,"1":0,"2":0,"3":0,"4":0,"5":0,"6":0,"7":0,"8":0,"9":0,"10":0,"11":0},"f":{"0":0,"1":0,"2":0,"3":0},"b":{"0":[0,0]}}
,"C:\\Users\\1531n\\BOG005-burger-queen-api-client\\burger-queen\\src\\components\\Waiter\\TakesOrder\\TakesOrder.jsx": {"path":"C:\\Users\\1531n\\BOG005-burger-queen-api-client\\burger-queen\\src\\components\\Waiter\\TakesOrder\\TakesOrder.jsx","statementMap":{"0":{"start":{"line":6,"column":27},"end":{"line":46,"column":1}},"1":{"start":{"line":8,"column":34},"end":{"line":8,"column":46}},"2":{"start":{"line":9,"column":23},"end":{"line":9,"column":41}},"3":{"start":{"line":12,"column":25},"end":{"line":14,"column":3}},"4":{"start":{"line":13,"column":4},"end":{"line":13,"column":32}},"5":{"start":{"line":16,"column":24},"end":{"line":19,"column":3}},"6":{"start":{"line":21,"column":27},"end":{"line":24,"column":3}},"7":{"start":{"line":26,"column":2},"end":{"line":45,"column":4}},"8":{"start":{"line":38,"column":12},"end":{"line":40,"column":13}},"9":{"start":{"line":39,"column":14},"end":{"line":39,"column":73}}},"fnMap":{"0":{"name":"(anonymous_0)","decl":{"start":{"line":6,"column":27},"end":{"line":6,"column":28}},"loc":{"start":{"line":6,"column":33},"end":{"line":46,"column":1}},"line":6},"1":{"name":"(anonymous_1)","decl":{"start":{"line":12,"column":25},"end":{"line":12,"column":26}},"loc":{"start":{"line":12,"column":32},"end":{"line":14,"column":3}},"line":12},"2":{"name":"(anonymous_2)","decl":{"start":{"line":37,"column":24},"end":{"line":37,"column":25}},"loc":{"start":{"line":37,"column":37},"end":{"line":41,"column":11}},"line":37}},"branchMap":{"0":{"loc":{"start":{"line":33,"column":7},"end":{"line":43,"column":7}},"type":"cond-expr","locations":[{"start":{"line":34,"column":8},"end":{"line":34,"column":10}},{"start":{"line":36,"column":8},"end":{"line":42,"column":14}}],"line":33},"1":{"loc":{"start":{"line":38,"column":12},"end":{"line":40,"column":13}},"type":"if","locations":[{"start":{"line":38,"column":12},"end":{"line":40,"column":13}},{"start":{},"end":{}}],"line":38}},"s":{"0":0,"1":0,"2":0,"3":0,"4":0,"5":0,"6":0,"7":0,"8":0,"9":0},"f":{"0":0,"1":0,"2":0},"b":{"0":[0,0],"1":[0,0]}}
,"C:\\Users\\1531n\\BOG005-burger-queen-api-client\\burger-queen\\src\\components\\Waiter\\TakesOrder\\BoxQuantity\\BoxQuantity.jsx": {"path":"C:\\Users\\1531n\\BOG005-burger-queen-api-client\\burger-queen\\src\\components\\Waiter\\TakesOrder\\BoxQuantity\\BoxQuantity.jsx","statementMap":{"0":{"start":{"line":3,"column":29},"end":{"line":15,"column":3}},"1":{"start":{"line":5,"column":6},"end":{"line":14,"column":8}},"2":{"start":{"line":8,"column":74},"end":{"line":8,"column":92}},"3":{"start":{"line":12,"column":69},"end":{"line":12,"column":81}}},"fnMap":{"0":{"name":"(anonymous_0)","decl":{"start":{"line":3,"column":29},"end":{"line":3,"column":30}},"loc":{"start":{"line":3,"column":60},"end":{"line":15,"column":3}},"line":3},"1":{"name":"(anonymous_1)","decl":{"start":{"line":8,"column":69},"end":{"line":8,"column":70}},"loc":{"start":{"line":8,"column":74},"end":{"line":8,"column":92}},"line":8},"2":{"name":"(anonymous_2)","decl":{"start":{"line":12,"column":63},"end":{"line":12,"column":64}},"loc":{"start":{"line":12,"column":69},"end":{"line":12,"column":81}},"line":12}},"branchMap":{"0":{"loc":{"start":{"line":6,"column":8},"end":{"line":13,"column":19}},"type":"cond-expr","locations":[{"start":{"line":7,"column":8},"end":{"line":13,"column":14}},{"start":{"line":13,"column":17},"end":{"line":13,"column":19}}],"line":6}},"s":{"0":0,"1":0,"2":0,"3":0},"f":{"0":0,"1":0,"2":0},"b":{"0":[0,0]}}
,"C:\\Users\\1531n\\BOG005-burger-queen-api-client\\burger-queen\\src\\components\\Waiter\\TakesOrder\\ContainerProducts\\CardProducts.jsx": {"path":"C:\\Users\\1531n\\BOG005-burger-queen-api-client\\burger-queen\\src\\components\\Waiter\\TakesOrder\\ContainerProducts\\CardProducts.jsx","statementMap":{"0":{"start":{"line":5,"column":28},"end":{"line":33,"column":1}},"1":{"start":{"line":7,"column":68},"end":{"line":7,"column":85}},"2":{"start":{"line":9,"column":8},"end":{"line":32,"column":13}},"3":{"start":{"line":11,"column":65},"end":{"line":11,"column":88}},"4":{"start":{"line":18,"column":28},"end":{"line":27,"column":29}},"5":{"start":{"line":19,"column":32},"end":{"line":24,"column":33}},"6":{"start":{"line":22,"column":53},"end":{"line":22,"column":79}},"7":{"start":{"line":23,"column":48},"end":{"line":23,"column":71}},"8":{"start":{"line":26,"column":32},"end":{"line":26,"column":41}}},"fnMap":{"0":{"name":"(anonymous_0)","decl":{"start":{"line":5,"column":28},"end":{"line":5,"column":29}},"loc":{"start":{"line":5,"column":43},"end":{"line":33,"column":1}},"line":5},"1":{"name":"(anonymous_1)","decl":{"start":{"line":11,"column":59},"end":{"line":11,"column":60}},"loc":{"start":{"line":11,"column":65},"end":{"line":11,"column":88}},"line":11},"2":{"name":"(anonymous_2)","decl":{"start":{"line":17,"column":42},"end":{"line":17,"column":43}},"loc":{"start":{"line":17,"column":49},"end":{"line":28,"column":29}},"line":17},"3":{"name":"(anonymous_3)","decl":{"start":{"line":22,"column":47},"end":{"line":22,"column":48}},"loc":{"start":{"line":22,"column":53},"end":{"line":22,"column":79}},"line":22},"4":{"name":"(anonymous_4)","decl":{"start":{"line":23,"column":42},"end":{"line":23,"column":43}},"loc":{"start":{"line":23,"column":48},"end":{"line":23,"column":71}},"line":23}},"branchMap":{"0":{"loc":{"start":{"line":18,"column":28},"end":{"line":27,"column":29}},"type":"if","locations":[{"start":{"line":18,"column":28},"end":{"line":27,"column":29}},{"start":{"line":25,"column":35},"end":{"line":27,"column":29}}],"line":18}},"s":{"0":0,"1":0,"2":0,"3":0,"4":0,"5":0,"6":0,"7":0,"8":0},"f":{"0":0,"1":0,"2":0,"3":0,"4":0},"b":{"0":[0,0]}}
,"C:\\Users\\1531n\\BOG005-burger-queen-api-client\\burger-queen\\src\\components\\Waiter\\TakesOrder\\QuantityProducts\\QuantityProducts.jsx": {"path":"C:\\Users\\1531n\\BOG005-burger-queen-api-client\\burger-queen\\src\\components\\Waiter\\TakesOrder\\QuantityProducts\\QuantityProducts.jsx","statementMap":{"0":{"start":{"line":11,"column":32},"end":{"line":52,"column":1}},"1":{"start":{"line":13,"column":30},"end":{"line":13,"column":47}},"2":{"start":{"line":14,"column":48},"end":{"line":14,"column":59}},"3":{"start":{"line":15,"column":34},"end":{"line":15,"column":49}},"4":{"start":{"line":16,"column":30},"end":{"line":16,"column":57}},"5":{"start":{"line":18,"column":31},"end":{"line":20,"column":5}},"6":{"start":{"line":19,"column":8},"end":{"line":19,"column":35}},"7":{"start":{"line":23,"column":4},"end":{"line":26,"column":11}},"8":{"start":{"line":24,"column":8},"end":{"line":24,"column":62}},"9":{"start":{"line":25,"column":8},"end":{"line":25,"column":78}},"10":{"start":{"line":25,"column":21},"end":{"line":25,"column":77}},"11":{"start":{"line":28,"column":4},"end":{"line":33,"column":23}},"12":{"start":{"line":29,"column":8},"end":{"line":32,"column":9}},"13":{"start":{"line":31,"column":56},"end":{"line":31,"column":88}},"14":{"start":{"line":36,"column":3},"end":{"line":51,"column":5}}},"fnMap":{"0":{"name":"(anonymous_0)","decl":{"start":{"line":11,"column":32},"end":{"line":11,"column":33}},"loc":{"start":{"line":11,"column":38},"end":{"line":52,"column":1}},"line":11},"1":{"name":"(anonymous_1)","decl":{"start":{"line":18,"column":31},"end":{"line":18,"column":32}},"loc":{"start":{"line":18,"column":37},"end":{"line":20,"column":5}},"line":18},"2":{"name":"(anonymous_2)","decl":{"start":{"line":23,"column":14},"end":{"line":23,"column":15}},"loc":{"start":{"line":23,"column":20},"end":{"line":26,"column":5}},"line":23},"3":{"name":"(anonymous_3)","decl":{"start":{"line":25,"column":15},"end":{"line":25,"column":16}},"loc":{"start":{"line":25,"column":21},"end":{"line":25,"column":77}},"line":25},"4":{"name":"(anonymous_4)","decl":{"start":{"line":28,"column":14},"end":{"line":28,"column":15}},"loc":{"start":{"line":28,"column":20},"end":{"line":33,"column":5}},"line":28},"5":{"name":"(anonymous_5)","decl":{"start":{"line":31,"column":33},"end":{"line":31,"column":34}},"loc":{"start":{"line":31,"column":56},"end":{"line":31,"column":88}},"line":31}},"branchMap":{"0":{"loc":{"start":{"line":29,"column":8},"end":{"line":32,"column":9}},"type":"cond-expr","locations":[{"start":{"line":29,"column":25},"end":{"line":29,"column":27}},{"start":{"line":30,"column":8},"end":{"line":32,"column":9}}],"line":29},"1":{"loc":{"start":{"line":36,"column":10},"end":{"line":51,"column":5}},"type":"cond-expr","locations":[{"start":{"line":36,"column":33},"end":{"line":36,"column":35}},{"start":{"line":41,"column":12},"end":{"line":48,"column":14}}],"line":36}},"s":{"0":0,"1":0,"2":0,"3":0,"4":0,"5":0,"6":0,"7":0,"8":0,"9":0,"10":0,"11":0,"12":0,"13":0,"14":0},"f":{"0":0,"1":0,"2":0,"3":0,"4":0,"5":0},"b":{"0":[0,0],"1":[0,0]}}
,"C:\\Users\\1531n\\BOG005-burger-queen-api-client\\burger-queen\\src\\components\\Waiter\\ViewOrders\\ViewOrders.jsx": {"path":"C:\\Users\\1531n\\BOG005-burger-queen-api-client\\burger-queen\\src\\components\\Waiter\\ViewOrders\\ViewOrders.jsx","statementMap":{"0":{"start":{"line":4,"column":26},"end":{"line":11,"column":1}},"1":{"start":{"line":5,"column":4},"end":{"line":10,"column":5}}},"fnMap":{"0":{"name":"(anonymous_0)","decl":{"start":{"line":4,"column":26},"end":{"line":4,"column":27}},"loc":{"start":{"line":4,"column":32},"end":{"line":11,"column":1}},"line":4}},"branchMap":{},"s":{"0":0,"1":0},"f":{"0":0},"b":{}}
,"C:\\Users\\1531n\\BOG005-burger-queen-api-client\\burger-queen\\src\\context\\OrderContext.jsx": {"path":"C:\\Users\\1531n\\BOG005-burger-queen-api-client\\burger-queen\\src\\context\\OrderContext.jsx","statementMap":{"0":{"start":{"line":7,"column":21},"end":{"line":7,"column":36}},"1":{"start":{"line":9,"column":22},"end":{"line":94,"column":1}},"2":{"start":{"line":10,"column":44},"end":{"line":10,"column":56}},"3":{"start":{"line":11,"column":47},"end":{"line":11,"column":62}},"4":{"start":{"line":14,"column":28},"end":{"line":14,"column":39}},"5":{"start":{"line":16,"column":2},"end":{"line":21,"column":19}},"6":{"start":{"line":17,"column":4},"end":{"line":20,"column":5}},"7":{"start":{"line":19,"column":52},"end":{"line":19,"column":108}},"8":{"start":{"line":25,"column":25},"end":{"line":43,"column":3}},"9":{"start":{"line":26,"column":20},"end":{"line":28,"column":5}},"10":{"start":{"line":27,"column":16},"end":{"line":27,"column":46}},"11":{"start":{"line":30,"column":4},"end":{"line":42,"column":5}},"12":{"start":{"line":31,"column":6},"end":{"line":39,"column":8}},"13":{"start":{"line":33,"column":10},"end":{"line":37,"column":11}},"14":{"start":{"line":34,"column":12},"end":{"line":34,"column":73}},"15":{"start":{"line":36,"column":12},"end":{"line":36,"column":34}},"16":{"start":{"line":41,"column":6},"end":{"line":41,"column":73}},"17":{"start":{"line":46,"column":28},"end":{"line":74,"column":3}},"18":{"start":{"line":47,"column":4},"end":{"line":47,"column":43}},"19":{"start":{"line":49,"column":20},"end":{"line":51,"column":5}},"20":{"start":{"line":50,"column":16},"end":{"line":50,"column":46}},"21":{"start":{"line":53,"column":4},"end":{"line":53,"column":37}},"22":{"start":{"line":55,"column":4},"end":{"line":73,"column":5}},"23":{"start":{"line":56,"column":6},"end":{"line":70,"column":7}},"24":{"start":{"line":57,"column":8},"end":{"line":59,"column":10}},"25":{"start":{"line":58,"column":41},"end":{"line":58,"column":71}},"26":{"start":{"line":61,"column":8},"end":{"line":69,"column":10}},"27":{"start":{"line":63,"column":12},"end":{"line":67,"column":13}},"28":{"start":{"line":64,"column":14},"end":{"line":64,"column":75}},"29":{"start":{"line":66,"column":14},"end":{"line":66,"column":36}},"30":{"start":{"line":72,"column":6},"end":{"line":72,"column":43}},"31":{"start":{"line":77,"column":4},"end":{"line":77,"column":48}},"32":{"start":{"line":82,"column":15},"end":{"line":89,"column":3}},"33":{"start":{"line":91,"column":2},"end":{"line":91,"column":44}},"34":{"start":{"line":93,"column":2},"end":{"line":93,"column":80}},"35":{"start":{"line":96,"column":24},"end":{"line":96,"column":54}},"36":{"start":{"line":96,"column":30},"end":{"line":96,"column":54}}},"fnMap":{"0":{"name":"(anonymous_0)","decl":{"start":{"line":9,"column":22},"end":{"line":9,"column":23}},"loc":{"start":{"line":9,"column":40},"end":{"line":94,"column":1}},"line":9},"1":{"name":"(anonymous_1)","decl":{"start":{"line":16,"column":12},"end":{"line":16,"column":13}},"loc":{"start":{"line":16,"column":18},"end":{"line":21,"column":1}},"line":16},"2":{"name":"(anonymous_2)","decl":{"start":{"line":19,"column":29},"end":{"line":19,"column":30}},"loc":{"start":{"line":19,"column":52},"end":{"line":19,"column":108}},"line":19},"3":{"name":"(anonymous_3)","decl":{"start":{"line":25,"column":25},"end":{"line":25,"column":26}},"loc":{"start":{"line":25,"column":38},"end":{"line":43,"column":3}},"line":25},"4":{"name":"(anonymous_4)","decl":{"start":{"line":27,"column":6},"end":{"line":27,"column":7}},"loc":{"start":{"line":27,"column":16},"end":{"line":27,"column":46}},"line":27},"5":{"name":"(anonymous_5)","decl":{"start":{"line":32,"column":26},"end":{"line":32,"column":27}},"loc":{"start":{"line":32,"column":46},"end":{"line":38,"column":9}},"line":32},"6":{"name":"(anonymous_6)","decl":{"start":{"line":46,"column":28},"end":{"line":46,"column":29}},"loc":{"start":{"line":46,"column":41},"end":{"line":74,"column":3}},"line":46},"7":{"name":"(anonymous_7)","decl":{"start":{"line":50,"column":6},"end":{"line":50,"column":7}},"loc":{"start":{"line":50,"column":16},"end":{"line":50,"column":46}},"line":50},"8":{"name":"(anonymous_8)","decl":{"start":{"line":58,"column":31},"end":{"line":58,"column":32}},"loc":{"start":{"line":58,"column":41},"end":{"line":58,"column":71}},"line":58},"9":{"name":"(anonymous_9)","decl":{"start":{"line":62,"column":28},"end":{"line":62,"column":29}},"loc":{"start":{"line":62,"column":48},"end":{"line":68,"column":11}},"line":62},"10":{"name":"createOrder","decl":{"start":{"line":76,"column":17},"end":{"line":76,"column":28}},"loc":{"start":{"line":76,"column":35},"end":{"line":80,"column":3}},"line":76},"11":{"name":"(anonymous_11)","decl":{"start":{"line":96,"column":24},"end":{"line":96,"column":25}},"loc":{"start":{"line":96,"column":30},"end":{"line":96,"column":54}},"line":96}},"branchMap":{"0":{"loc":{"start":{"line":17,"column":4},"end":{"line":20,"column":5}},"type":"cond-expr","locations":[{"start":{"line":17,"column":21},"end":{"line":17,"column":23}},{"start":{"line":18,"column":4},"end":{"line":20,"column":5}}],"line":17},"1":{"loc":{"start":{"line":30,"column":4},"end":{"line":42,"column":5}},"type":"if","locations":[{"start":{"line":30,"column":4},"end":{"line":42,"column":5}},{"start":{"line":40,"column":11},"end":{"line":42,"column":5}}],"line":30},"2":{"loc":{"start":{"line":33,"column":10},"end":{"line":37,"column":11}},"type":"if","locations":[{"start":{"line":33,"column":10},"end":{"line":37,"column":11}},{"start":{"line":35,"column":17},"end":{"line":37,"column":11}}],"line":33},"3":{"loc":{"start":{"line":55,"column":4},"end":{"line":73,"column":5}},"type":"if","locations":[{"start":{"line":55,"column":4},"end":{"line":73,"column":5}},{"start":{"line":71,"column":11},"end":{"line":73,"column":5}}],"line":55},"4":{"loc":{"start":{"line":56,"column":6},"end":{"line":70,"column":7}},"type":"if","locations":[{"start":{"line":56,"column":6},"end":{"line":70,"column":7}},{"start":{"line":60,"column":13},"end":{"line":70,"column":7}}],"line":56},"5":{"loc":{"start":{"line":63,"column":12},"end":{"line":67,"column":13}},"type":"if","locations":[{"start":{"line":63,"column":12},"end":{"line":67,"column":13}},{"start":{"line":65,"column":19},"end":{"line":67,"column":13}}],"line":63}},"s":{"0":0,"1":0,"2":0,"3":0,"4":0,"5":0,"6":0,"7":0,"8":0,"9":0,"10":0,"11":0,"12":0,"13":0,"14":0,"15":0,"16":0,"17":0,"18":0,"19":0,"20":0,"21":0,"22":0,"23":0,"24":0,"25":0,"26":0,"27":0,"28":0,"29":0,"30":0,"31":0,"32":0,"33":0,"34":0,"35":0,"36":0},"f":{"0":0,"1":0,"2":0,"3":0,"4":0,"5":0,"6":0,"7":0,"8":0,"9":0,"10":0,"11":0},"b":{"0":[0,0],"1":[0,0],"2":[0,0],"3":[0,0],"4":[0,0],"5":[0,0]}}
,"C:\\Users\\1531n\\BOG005-burger-queen-api-client\\burger-queen\\src\\context\\ProductsContext.jsx": {"path":"C:\\Users\\1531n\\BOG005-burger-queen-api-client\\burger-queen\\src\\context\\ProductsContext.jsx","statementMap":{"0":{"start":{"line":11,"column":23},"end":{"line":11,"column":38}},"1":{"start":{"line":15,"column":4},"end":{"line":21,"column":5}},"2":{"start":{"line":26,"column":25},"end":{"line":91,"column":1}},"3":{"start":{"line":28,"column":21},"end":{"line":28,"column":34}},"4":{"start":{"line":30,"column":36},"end":{"line":30,"column":48}},"5":{"start":{"line":32,"column":23},"end":{"line":32,"column":65}},"6":{"start":{"line":34,"column":49},"end":{"line":34,"column":64}},"7":{"start":{"line":36,"column":27},"end":{"line":47,"column":5}},"8":{"start":{"line":39,"column":39},"end":{"line":39,"column":161}},"9":{"start":{"line":45,"column":12},"end":{"line":46,"column":61}},"10":{"start":{"line":50,"column":29},"end":{"line":50,"column":58}},"11":{"start":{"line":51,"column":8},"end":{"line":51,"column":34}},"12":{"start":{"line":55,"column":8},"end":{"line":55,"column":53}},"13":{"start":{"line":56,"column":8},"end":{"line":56,"column":31}},"14":{"start":{"line":57,"column":8},"end":{"line":57,"column":20}},"15":{"start":{"line":61,"column":8},"end":{"line":61,"column":52}},"16":{"start":{"line":62,"column":8},"end":{"line":62,"column":31}},"17":{"start":{"line":63,"column":8},"end":{"line":63,"column":29}},"18":{"start":{"line":67,"column":8},"end":{"line":67,"column":47}},"19":{"start":{"line":68,"column":8},"end":{"line":68,"column":31}},"20":{"start":{"line":71,"column":4},"end":{"line":73,"column":10}},"21":{"start":{"line":72,"column":8},"end":{"line":72,"column":26}},"22":{"start":{"line":75,"column":17},"end":{"line":85,"column":5}},"23":{"start":{"line":87,"column":4},"end":{"line":87,"column":44}},"24":{"start":{"line":89,"column":4},"end":{"line":89,"column":85}},"25":{"start":{"line":93,"column":27},"end":{"line":93,"column":59}},"26":{"start":{"line":93,"column":33},"end":{"line":93,"column":59}}},"fnMap":{"0":{"name":"BloqueProductPrice","decl":{"start":{"line":13,"column":9},"end":{"line":13,"column":27}},"loc":{"start":{"line":13,"column":37},"end":{"line":23,"column":1}},"line":13},"1":{"name":"(anonymous_1)","decl":{"start":{"line":26,"column":25},"end":{"line":26,"column":26}},"loc":{"start":{"line":26,"column":43},"end":{"line":91,"column":1}},"line":26},"2":{"name":"(anonymous_2)","decl":{"start":{"line":39,"column":24},"end":{"line":39,"column":25}},"loc":{"start":{"line":39,"column":37},"end":{"line":39,"column":163}},"line":39},"3":{"name":"(anonymous_3)","decl":{"start":{"line":44,"column":33},"end":{"line":44,"column":34}},"loc":{"start":{"line":45,"column":12},"end":{"line":46,"column":61}},"line":45},"4":{"name":"getListProducts","decl":{"start":{"line":49,"column":19},"end":{"line":49,"column":34}},"loc":{"start":{"line":49,"column":37},"end":{"line":52,"column":5}},"line":49},"5":{"name":"createProduct","decl":{"start":{"line":54,"column":19},"end":{"line":54,"column":32}},"loc":{"start":{"line":54,"column":39},"end":{"line":58,"column":5}},"line":54},"6":{"name":"updateProduct","decl":{"start":{"line":60,"column":19},"end":{"line":60,"column":32}},"loc":{"start":{"line":60,"column":43},"end":{"line":64,"column":5}},"line":60},"7":{"name":"deleteProduct","decl":{"start":{"line":66,"column":19},"end":{"line":66,"column":32}},"loc":{"start":{"line":66,"column":36},"end":{"line":69,"column":5}},"line":66},"8":{"name":"(anonymous_8)","decl":{"start":{"line":71,"column":14},"end":{"line":71,"column":15}},"loc":{"start":{"line":71,"column":20},"end":{"line":73,"column":5}},"line":71},"9":{"name":"(anonymous_9)","decl":{"start":{"line":93,"column":27},"end":{"line":93,"column":28}},"loc":{"start":{"line":93,"column":33},"end":{"line":93,"column":59}},"line":93}},"branchMap":{},"s":{"0":0,"1":0,"2":0,"3":0,"4":0,"5":0,"6":0,"7":0,"8":0,"9":0,"10":0,"11":0,"12":0,"13":0,"14":0,"15":0,"16":0,"17":0,"18":0,"19":0,"20":0,"21":0,"22":0,"23":0,"24":0,"25":0,"26":0},"f":{"0":0,"1":0,"2":0,"3":0,"4":0,"5":0,"6":0,"7":0,"8":0,"9":0},"b":{}}
[...]
,"C:\\Users\\1531n\\BOG005-burger-queen-api-client\\burger-queen\\src\\context\\WaiterContext.jsx": {"path":"C:\\Users\\1531n\\BOG005-burger-queen-api-client\\burger-queen\\src\\context\\WaiterContext.jsx","statementMap":{"0":{"start":{"line":5,"column":22},"end":{"line":5,"column":37}},"1":{"start":{"line":7,"column":23},"end":{"line":28,"column":1}},"2":{"start":{"line":9,"column":36},"end":{"line":9,"column":48}},"3":{"start":{"line":12,"column":29},"end":{"line":12,"column":58}},"4":{"start":{"line":13,"column":8},"end":{"line":13,"column":34}},"5":{"start":{"line":16,"column":4},"end":{"line":18,"column":10}},"6":{"start":{"line":17,"column":8},"end":{"line":17,"column":26}},"7":{"start":{"line":20,"column":17},"end":{"line":22,"column":5}},"8":{"start":{"line":24,"column":4},"end":{"line":24,"column":45}},"9":{"start":{"line":26,"column":4},"end":{"line":26,"column":83}},"10":{"start":{"line":30,"column":25},"end":{"line":30,"column":56}},"11":{"start":{"line":30,"column":31},"end":{"line":30,"column":56}}},"fnMap":{"0":{"name":"(anonymous_0)","decl":{"start":{"line":7,"column":23},"end":{"line":7,"column":24}},"loc":{"start":{"line":7,"column":39},"end":{"line":28,"column":1}},"line":7},"1":{"name":"getListProducts","decl":{"start":{"line":11,"column":19},"end":{"line":11,"column":34}},"loc":{"start":{"line":11,"column":37},"end":{"line":14,"column":5}},"line":11},"2":{"name":"(anonymous_2)","decl":{"start":{"line":16,"column":14},"end":{"line":16,"column":15}},"loc":{"start":{"line":16,"column":20},"end":{"line":18,"column":5}},"line":16},"3":{"name":"(anonymous_3)","decl":{"start":{"line":30,"column":25},"end":{"line":30,"column":26}},"loc":{"start":{"line":30,"column":31},"end":{"line":30,"column":56}},"line":30}},"branchMap":{},"s":{"0":0,"1":0,"2":0,"3":0,"4":0,"5":0,"6":0,"7":0,"8":0,"9":0,"10":0,"11":0},"f":{"0":0,"1":0,"2":0,"3":0},"b":{}}
,"C:\\Users\\1531n\\BOG005-burger-queen-api-client\\burger-queen\\src\\lib\\helpers.jsx": {"path":"C:\\Users\\1531n\\BOG005-burger-queen-api-client\\burger-queen\\src\\lib\\helpers.jsx","statementMap":{"0":{"start":{"line":2,"column":26},"end":{"line":14,"column":4}},"1":{"start":{"line":3,"column":4},"end":{"line":13,"column":13}},"2":{"start":{"line":5,"column":8},"end":{"line":7,"column":9}},"3":{"start":{"line":5,"column":43},"end":{"line":5,"column":66}},"4":{"start":{"line":6,"column":10},"end":{"line":6,"column":21}},"5":{"start":{"line":10,"column":8},"end":{"line":12,"column":11}},"6":{"start":{"line":15,"column":2},"end":{"line":15,"column":25}},"7":{"start":{"line":18,"column":20},"end":{"line":27,"column":1}},"8":{"start":{"line":19,"column":23},"end":{"line":19,"column":46}},"9":{"start":{"line":21,"column":17},"end":{"line":21,"column":33}},"10":{"start":{"line":22,"column":2},"end":{"line":22,"column":37}},"11":{"start":{"line":23,"column":2},"end":{"line":23,"column":54}},"12":{"start":{"line":23,"column":27},"end":{"line":23,"column":53}},"13":{"start":{"line":25,"column":2},"end":{"line":25,"column":21}},"14":{"start":{"line":31,"column":15},"end":{"line":31,"column":29}},"15":{"start":{"line":32,"column":2},"end":{"line":32,"column":28}},"16":{"start":{"line":33,"column":2},"end":{"line":33,"column":42}},"17":{"start":{"line":35,"column":17},"end":{"line":35,"column":51}},"18":{"start":{"line":37,"column":14},"end":{"line":37,"column":60}},"19":{"start":{"line":39,"column":19},"end":{"line":42,"column":3}},"20":{"start":{"line":44,"column":19},"end":{"line":44,"column":44}},"21":{"start":{"line":45,"column":2},"end":{"line":45,"column":45}},"22":{"start":{"line":46,"column":23},"end":{"line":46,"column":44}},"23":{"start":{"line":48,"column":2},"end":{"line":48,"column":56}},"24":{"start":{"line":49,"column":2},"end":{"line":49,"column":30}},"25":{"start":{"line":53,"column":15},"end":{"line":56,"column":1}},"26":{"start":{"line":54,"column":2},"end":{"line":54,"column":23}},"27":{"start":{"line":55,"column":2},"end":{"line":55,"column":32}}},"fnMap":{"0":{"name":"filterAtributteList","decl":{"start":{"line":1,"column":9},"end":{"line":1,"column":28}},"loc":{"start":{"line":1,"column":55},"end":{"line":16,"column":1}},"line":1},"1":{"name":"(anonymous_1)","decl":{"start":{"line":2,"column":43},"end":{"line":2,"column":44}},"loc":{"start":{"line":2,"column":56},"end":{"line":14,"column":3}},"line":2},"2":{"name":"(anonymous_2)","decl":{"start":{"line":4,"column":14},"end":{"line":4,"column":15}},"loc":{"start":{"line":4,"column":23},"end":{"line":8,"column":7}},"line":4},"3":{"name":"(anonymous_3)","decl":{"start":{"line":5,"column":28},"end":{"line":5,"column":29}},"loc":{"start":{"line":5,"column":43},"end":{"line":5,"column":66}},"line":5},"4":{"name":"(anonymous_4)","decl":{"start":{"line":9,"column":14},"end":{"line":9,"column":15}},"loc":{"start":{"line":9,"column":28},"end":{"line":13,"column":7}},"line":9},"5":{"name":"(anonymous_5)","decl":{"start":{"line":18,"column":20},"end":{"line":18,"column":21}},"loc":{"start":{"line":18,"column":46},"end":{"line":27,"column":1}},"line":18},"6":{"name":"(anonymous_6)","decl":{"start":{"line":23,"column":20},"end":{"line":23,"column":21}},"loc":{"start":{"line":23,"column":27},"end":{"line":23,"column":53}},"line":23},"7":{"name":"uploadImgWeb","decl":{"start":{"line":29,"column":15},"end":{"line":29,"column":27}},"loc":{"start":{"line":29,"column":34},"end":{"line":51,"column":1}},"line":29},"8":{"name":"(anonymous_8)","decl":{"start":{"line":53,"column":15},"end":{"line":53,"column":16}},"loc":{"start":{"line":53,"column":21},"end":{"line":56,"column":1}},"line":53}},"branchMap":{"0":{"loc":{"start":{"line":5,"column":8},"end":{"line":7,"column":9}},"type":"if","locations":[{"start":{"line":5,"column":8},"end":{"line":7,"column":9}},{"start":{},"end":{}}],"line":5}},"s":{"0":0,"1":0,"2":0,"3":0,"4":0,"5":0,"6":0,"7":0,"8":0,"9":0,"10":0,"11":0,"12":0,"13":0,"14":0,"15":0,"16":0,"17":0,"18":0,"19":0,"20":0,"21":0,"22":0,"23":0,"24":0,"25":0,"26":0,"27":0},"f":{"0":0,"1":0,"2":0,"3":0,"4":0,"5":0,"6":0,"7":0,"8":0},"b":{"0":[0,0]}}
,"C:\\Users\\1531n\\BOG005-burger-queen-api-client\\burger-queen\\src\\lib\\requests.jsx": {"path":"C:\\Users\\1531n\\BOG005-burger-queen-api-client\\burger-queen\\src\\lib\\requests.jsx","statementMap":{"0":{"start":{"line":3,"column":2},"end":{"line":3,"column":44}},"1":{"start":{"line":5,"column":2},"end":{"line":26,"column":3}},"2":{"start":{"line":6,"column":16},"end":{"line":6,"column":51}},"3":{"start":{"line":7,"column":16},"end":{"line":14,"column":6}},"4":{"start":{"line":15,"column":4},"end":{"line":17,"column":5}},"5":{"start":{"line":16,"column":6},"end":{"line":16,"column":46}},"6":{"start":{"line":19,"column":21},"end":{"line":19,"column":37}},"7":{"start":{"line":20,"column":4},"end":{"line":20,"column":45}},"8":{"start":{"line":22,"column":4},"end":{"line":22,"column":20}},"9":{"start":{"line":24,"column":4},"end":{"line":24,"column":43}},"10":{"start":{"line":25,"column":4},"end":{"line":25,"column":15}},"11":{"start":{"line":31,"column":16},"end":{"line":31,"column":50}},"12":{"start":{"line":32,"column":14},"end":{"line":32,"column":49}},"13":{"start":{"line":33,"column":19},"end":{"line":39,"column":4}},"14":{"start":{"line":41,"column":23},"end":{"line":41,"column":44}},"15":{"start":{"line":43,"column":2},"end":{"line":43,"column":21}},"16":{"start":{"line":48,"column":16},"end":{"line":48,"column":50}},"17":{"start":{"line":49,"column":14},"end":{"line":49,"column":49}},"18":{"start":{"line":50,"column":19},"end":{"line":56,"column":4}},"19":{"start":{"line":58,"column":23},"end":{"line":58,"column":44}},"20":{"start":{"line":59,"column":2},"end":{"line":59,"column":47}},"21":{"start":{"line":60,"column":2},"end":{"line":60,"column":21}},"22":{"start":{"line":63,"column":26},"end":{"line":76,"column":1}},"23":{"start":{"line":65,"column":16},"end":{"line":65,"column":50}},"24":{"start":{"line":67,"column":14},"end":{"line":67,"column":55}},"25":{"start":{"line":68,"column":14},"end":{"line":74,"column":4}},"26":{"start":{"line":78,"column":25},"end":{"line":91,"column":1}},"27":{"start":{"line":80,"column":16},"end":{"line":80,"column":50}},"28":{"start":{"line":82,"column":14},"end":{"line":82,"column":55}},"29":{"start":{"line":83,"column":14},"end":{"line":90,"column":4}},"30":{"start":{"line":93,"column":31},"end":{"line":106,"column":1}},"31":{"start":{"line":95,"column":16},"end":{"line":95,"column":50}},"32":{"start":{"line":97,"column":14},"end":{"line":97,"column":50}},"33":{"start":{"line":98,"column":14},"end":{"line":104,"column":4}}},"fnMap":{"0":{"name":"makeRequestPost","decl":{"start":{"line":1,"column":15},"end":{"line":1,"column":30}},"loc":{"start":{"line":1,"column":62},"end":{"line":27,"column":1}},"line":1},"1":{"name":"getProducts","decl":{"start":{"line":29,"column":15},"end":{"line":29,"column":26}},"loc":{"start":{"line":29,"column":37},"end":{"line":44,"column":1}},"line":29},"2":{"name":"makeRequestGet","decl":{"start":{"line":46,"column":15},"end":{"line":46,"column":29}},"loc":{"start":{"line":46,"column":40},"end":{"line":61,"column":1}},"line":46},"3":{"name":"(anonymous_3)","decl":{"start":{"line":63,"column":26},"end":{"line":63,"column":27}},"loc":{"start":{"line":63,"column":51},"end":{"line":76,"column":1}},"line":63},"4":{"name":"(anonymous_4)","decl":{"start":{"line":78,"column":25},"end":{"line":78,"column":26}},"loc":{"start":{"line":78,"column":55},"end":{"line":91,"column":1}},"line":78},"5":{"name":"(anonymous_5)","decl":{"start":{"line":93,"column":31},"end":{"line":93,"column":32}},"loc":{"start":{"line":93,"column":46},"end":{"line":106,"column":1}},"line":93}},"branchMap":{"0":{"loc":{"start":{"line":1,"column":47},"end":{"line":1,"column":60}},"type":"default-arg","locations":[{"start":{"line":1,"column":55},"end":{"line":1,"column":60}}],"line":1},"1":{"loc":{"start":{"line":15,"column":4},"end":{"line":17,"column":5}},"type":"if","locations":[{"start":{"line":15,"column":4},"end":{"line":17,"column":5}},{"start":{},"end":{}}],"line":15}},"s":{"0":0,"1":0,"2":0,"3":0,"4":0,"5":0,"6":0,"7":0,"8":0,"9":0,"10":0,"11":0,"12":0,"13":0,"14":0,"15":0,"16":0,"17":0,"18":0,"19":0,"20":0,"21":0,"22":0,"23":0,"24":0,"25":0,"26":0,"27":0,"28":0,"29":0,"30":0,"31":0,"32":0,"33":0},"f":{"0":0,"1":0,"2":0,"3":0,"4":0,"5":0},"b":{"0":[0],"1":[0,0]}}
,"C:\\Users\\1531n\\BOG005-burger-queen-api-client\\burger-queen\\src\\pages\\Products\\Products.jsx": {"path":"C:\\Users\\1531n\\BOG005-burger-queen-api-client\\burger-queen\\src\\pages\\Products\\Products.jsx","statementMap":{"0":{"start":{"line":11,"column":24},"end":{"line":77,"column":1}},"1":{"start":{"line":13,"column":51},"end":{"line":13,"column":71}},"2":{"start":{"line":15,"column":30},"end":{"line":15,"column":57}},"3":{"start":{"line":16,"column":38},"end":{"line":16,"column":50}},"4":{"start":{"line":18,"column":19},"end":{"line":18,"column":30}},"5":{"start":{"line":20,"column":31},"end":{"line":22,"column":5}},"6":{"start":{"line":21,"column":8},"end":{"line":21,"column":35}},"7":{"start":{"line":24,"column":4},"end":{"line":31,"column":15}},"8":{"start":{"line":25,"column":31},"end":{"line":25,"column":42}},"9":{"start":{"line":26,"column":8},"end":{"line":30,"column":9}},"10":{"start":{"line":27,"column":12},"end":{"line":27,"column":40}},"11":{"start":{"line":29,"column":11},"end":{"line":29,"column":27}},"12":{"start":{"line":34,"column":4},"end":{"line":37,"column":11}},"13":{"start":{"line":35,"column":8},"end":{"line":35,"column":62}},"14":{"start":{"line":36,"column":8},"end":{"line":36,"column":78}},"15":{"start":{"line":36,"column":21},"end":{"line":36,"column":77}},"16":{"start":{"line":39,"column":18},"end":{"line":39,"column":74}},"17":{"start":{"line":41,"column":4},"end":{"line":76,"column":5}}},"fnMap":{"0":{"name":"(anonymous_0)","decl":{"start":{"line":11,"column":24},"end":{"line":11,"column":25}},"loc":{"start":{"line":11,"column":30},"end":{"line":77,"column":1}},"line":11},"1":{"name":"(anonymous_1)","decl":{"start":{"line":20,"column":31},"end":{"line":20,"column":32}},"loc":{"start":{"line":20,"column":37},"end":{"line":22,"column":5}},"line":20},"2":{"name":"(anonymous_2)","decl":{"start":{"line":24,"column":14},"end":{"line":24,"column":15}},"loc":{"start":{"line":24,"column":18},"end":{"line":31,"column":5}},"line":24},"3":{"name":"(anonymous_3)","decl":{"start":{"line":34,"column":14},"end":{"line":34,"column":15}},"loc":{"start":{"line":34,"column":20},"end":{"line":37,"column":5}},"line":34},"4":{"name":"(anonymous_4)","decl":{"start":{"line":36,"column":15},"end":{"line":36,"column":16}},"loc":{"start":{"line":36,"column":21},"end":{"line":36,"column":77}},"line":36}},"branchMap":{"0":{"loc":{"start":{"line":26,"column":8},"end":{"line":30,"column":9}},"type":"if","locations":[{"start":{"line":26,"column":8},"end":{"line":30,"column":9}},{"start":{"line":28,"column":15},"end":{"line":30,"column":9}}],"line":26},"1":{"loc":{"start":{"line":39,"column":18},"end":{"line":39,"column":74}},"type":"cond-expr","locations":[{"start":{"line":39,"column":38},"end":{"line":39,"column":55}},{"start":{"line":39,"column":58},"end":{"line":39,"column":74}}],"line":39},"2":{"loc":{"start":{"line":56,"column":24},"end":{"line":69,"column":58}},"type":"cond-expr","locations":[{"start":{"line":58,"column":28},"end":{"line":68,"column":30}},{"start":{"line":69,"column":30},"end":{"line":69,"column":58}}],"line":56}},"s":{"0":0,"1":0,"2":0,"3":0,"4":0,"5":0,"6":0,"7":0,"8":0,"9":0,"10":0,"11":0,"12":0,"13":0,"14":0,"15":0,"16":0,"17":0},"f":{"0":0,"1":0,"2":0,"3":0,"4":0},"b":{"0":[0,0],"1":[0,0],"2":[0,0]}}
,"C:\\Users\\1531n\\BOG005-burger-queen-api-client\\burger-queen\\src\\pages\\Users\\Users.jsx": {"path":"C:\\Users\\1531n\\BOG005-burger-queen-api-client\\burger-queen\\src\\pages\\Users\\Users.jsx","statementMap":{"0":{"start":{"line":11,"column":21},"end":{"line":76,"column":1}},"1":{"start":{"line":13,"column":51},"end":{"line":13,"column":68}},"2":{"start":{"line":15,"column":30},"end":{"line":15,"column":57}},"3":{"start":{"line":17,"column":32},"end":{"line":17,"column":44}},"4":{"start":{"line":19,"column":19},"end":{"line":19,"column":30}},"5":{"start":{"line":21,"column":31},"end":{"line":23,"column":5}},"6":{"start":{"line":22,"column":8},"end":{"line":22,"column":35}},"7":{"start":{"line":25,"column":4},"end":{"line":29,"column":15}},"8":{"start":{"line":26,"column":31},"end":{"line":26,"column":42}},"9":{"start":{"line":27,"column":8},"end":{"line":28,"column":26}},"10":{"start":{"line":27,"column":34},"end":{"line":27,"column":59}},"11":{"start":{"line":28,"column":13},"end":{"line":28,"column":26}},"12":{"start":{"line":31,"column":18},"end":{"line":31,"column":62}},"13":{"start":{"line":34,"column":4},"end":{"line":37,"column":11}},"14":{"start":{"line":35,"column":8},"end":{"line":35,"column":62}},"15":{"start":{"line":36,"column":8},"end":{"line":36,"column":78}},"16":{"start":{"line":36,"column":21},"end":{"line":36,"column":77}},"17":{"start":{"line":39,"column":4},"end":{"line":75,"column":5}}},"fnMap":{"0":{"name":"(anonymous_0)","decl":{"start":{"line":11,"column":21},"end":{"line":11,"column":22}},"loc":{"start":{"line":11,"column":27},"end":{"line":76,"column":1}},"line":11},"1":{"name":"(anonymous_1)","decl":{"start":{"line":21,"column":31},"end":{"line":21,"column":32}},"loc":{"start":{"line":21,"column":37},"end":{"line":23,"column":5}},"line":21},"2":{"name":"(anonymous_2)","decl":{"start":{"line":25,"column":14},"end":{"line":25,"column":15}},"loc":{"start":{"line":25,"column":18},"end":{"line":29,"column":5}},"line":25},"3":{"name":"(anonymous_3)","decl":{"start":{"line":34,"column":14},"end":{"line":34,"column":15}},"loc":{"start":{"line":34,"column":20},"end":{"line":37,"column":5}},"line":34},"4":{"name":"(anonymous_4)","decl":{"start":{"line":36,"column":15},"end":{"line":36,"column":16}},"loc":{"start":{"line":36,"column":21},"end":{"line":36,"column":77}},"line":36}},"branchMap":{"0":{"loc":{"start":{"line":27,"column":8},"end":{"line":28,"column":26}},"type":"if","locations":[{"start":{"line":27,"column":8},"end":{"line":28,"column":26}},{"start":{"line":28,"column":13},"end":{"line":28,"column":26}}],"line":27},"1":{"loc":{"start":{"line":31,"column":18},"end":{"line":31,"column":62}},"type":"cond-expr","locations":[{"start":{"line":31,"column":28},"end":{"line":31,"column":44}},{"start":{"line":31,"column":47},"end":{"line":31,"column":62}}],"line":31},"2":{"loc":{"start":{"line":55,"column":24},"end":{"line":68,"column":42}},"type":"cond-expr","locations":[{"start":{"line":56,"column":28},"end":{"line":66,"column":30}},{"start":{"line":68,"column":30},"end":{"line":68,"column":42}}],"line":55}},"s":{"0":0,"1":0,"2":0,"3":0,"4":0,"5":0,"6":0,"7":0,"8":0,"9":0,"10":0,"11":0,"12":0,"13":0,"14":0,"15":0,"16":0,"17":0},"f":{"0":0,"1":0,"2":0,"3":0,"4":0},"b":{"0":[0,0],"1":[0,0],"2":[0,0]}}
,"C:\\Users\\1531n\\BOG005-burger-queen-api-client\\burger-queen\\src\\pages\\ViewOrder\\ViewOrder.jsx": {"path":"C:\\Users\\1531n\\BOG005-burger-queen-api-client\\burger-queen\\src\\pages\\ViewOrder\\ViewOrder.jsx","statementMap":{"0":{"start":{"line":5,"column":25},"end":{"line":35,"column":1}},"1":{"start":{"line":7,"column":21},"end":{"line":7,"column":65}},"2":{"start":{"line":9,"column":4},"end":{"line":34,"column":5}}},"fnMap":{"0":{"name":"(anonymous_0)","decl":{"start":{"line":5,"column":25},"end":{"line":5,"column":26}},"loc":{"start":{"line":5,"column":31},"end":{"line":35,"column":1}},"line":5}},"branchMap":{"0":{"loc":{"start":{"line":17,"column":21},"end":{"line":17,"column":123}},"type":"cond-expr","locations":[{"start":{"line":17,"column":50},"end":{"line":17,"column":58}},{"start":{"line":17,"column":61},"end":{"line":17,"column":123}}],"line":17},"1":{"loc":{"start":{"line":17,"column":61},"end":{"line":17,"column":123}},"type":"cond-expr","locations":[{"start":{"line":17,"column":89},"end":{"line":17,"column":104}},{"start":{"line":17,"column":107},"end":{"line":17,"column":123}}],"line":17}},"s":{"0":0,"1":0,"2":0},"f":{"0":0},"b":{"0":[0,0],"1":[0,0]}}
,"C:\\Users\\1531n\\BOG005-burger-queen-api-client\\burger-queen\\src\\pages\\Waiter\\TakesOrder\\TakesOrder.jsx": {"path":"C:\\Users\\1531n\\BOG005-burger-queen-api-client\\burger-queen\\src\\pages\\Waiter\\TakesOrder\\TakesOrder.jsx","statementMap":{"0":{"start":{"line":6,"column":26},"end":{"line":21,"column":1}},"1":{"start":{"line":8,"column":4},"end":{"line":20,"column":5}}},"fnMap":{"0":{"name":"(anonymous_0)","decl":{"start":{"line":6,"column":26},"end":{"line":6,"column":27}},"loc":{"start":{"line":6,"column":32},"end":{"line":21,"column":1}},"line":6}},"branchMap":{},"s":{"0":0,"1":0},"f":{"0":0},"b":{}}
,"C:\\Users\\1531n\\BOG005-burger-queen-api-client\\burger-queen\\src\\pages\\login\\Login.jsx": {"path":"C:\\Users\\1531n\\BOG005-burger-queen-api-client\\burger-queen\\src\\pages\\login\\Login.jsx","statementMap":{"0":{"start":{"line":8,"column":4},"end":{"line":17,"column":5}}},"fnMap":{"0":{"name":"Login","decl":{"start":{"line":6,"column":16},"end":{"line":6,"column":21}},"loc":{"start":{"line":6,"column":25},"end":{"line":18,"column":1}},"line":6}},"branchMap":{},"s":{"0":0},"f":{"0":0},"b":{}}
}
